[02:40:58] [main/INFO] ========================================
[02:40:58] [main/INFO] Minecraft: 1.20.1
[02:40:58] [main/INFO] Side: server
[02:40:58] [main/INFO] Development: false
[02:40:58] [main/INFO] Version: 12.0.684
[02:40:58] [main/INFO] Loader:
[02:40:58] [main/INFO] - Fabric: 0.14.25
[02:40:58] [main/INFO] - Fabric API: 0.91.0+1.20.1
[02:40:58] [main/INFO] Dependencies:
[02:40:58] [main/INFO] - Cloth Config: 11.1.118
[02:40:58] [main/INFO] - Architectury: 9.1.12
[02:40:58] [main/INFO] Mixin: 0.8.5
[02:40:58] [main/INFO] OS: Linux 4.14.113-25257816 (aarch64)
[02:40:58] [main/INFO] Java: 17-internal (N/A)
[02:40:58] [main/INFO] ========================================
[02:40:58] [main/INFO] Mods:
[02:40:58] [main/INFO] - additionalstructures: 4.2.1
[02:40:58] [main/INFO] - advanced_runtime_resource_pack: 0.8.0
[02:40:58] [main/INFO] - advancednetherite: 2.0.2-1.20.1
[02:40:58] [main/INFO] - adventurez: 1.4.19
[02:40:58] [main/INFO] - alternate-current: 1.7.0
[02:40:58] [main/INFO] - animal_feeding_trough: 1.0.3+1.20.1
[02:40:58] [main/INFO] - another_furniture: 1.20.1-3.0.1
[02:40:58] [main/INFO] - architectury: 9.1.12
[02:40:58] [main/INFO] - ash_api: 3.0.2+1.20.1
[02:40:58] [main/INFO] - athena: 3.1.1
[02:40:58] [main/INFO] - autoslabs: 1.1.3
[02:40:58] [main/INFO] - backpacked: 2.2.7
[02:40:58] [main/INFO] - balm-fabric: 7.2.1
[02:40:58] [main/INFO] - barteringstation: 8.0.0
[02:40:58] [main/INFO] - bcc: 4.0.8
[02:40:58] [main/INFO] - bclib: 3.0.14
[02:40:58] [main/INFO] - better-trim-tooltips: 1.0.1
[02:40:58] [main/INFO] - betterchunkloading: 1.20.1-2.6
[02:40:58] [main/INFO] - betterdungeons: 1.20-Fabric-4.0.3
[02:40:58] [main/INFO] - betterend: 4.0.10
[02:40:58] [main/INFO] - betterendisland: 1.20-Fabric-2.0.4
[02:40:58] [main/INFO] - betterfortresses: 1.20-Fabric-2.0.5
[02:40:58] [main/INFO] - betterfpsdist: 1.20.1-4.0
[02:40:58] [main/INFO] - betterjungletemples: 1.20-Fabric-2.0.4
[02:40:58] [main/INFO] - bettermineshafts: 1.20-Fabric-4.0.4
[02:40:58] [main/INFO] - betternether: 9.0.10
[02:40:58] [main/INFO] - betteroceanmonuments: 1.20-Fabric-3.0.4
[02:40:58] [main/INFO] - betterstats: 3.7+fabric-1.20.1
[02:40:58] [main/INFO] - betterstrongholds: 1.20-Fabric-4.0.3
[02:40:58] [main/INFO] - bettertridents: 8.0.1
[02:40:58] [main/INFO] - betterwitchhuts: 1.20-Fabric-3.0.3
[02:40:58] [main/INFO] - biolith: 1.0.0-alpha.8
[02:40:58] [main/INFO] - biomemusic: 1.20.1-2.2
[02:40:58] [main/INFO] - blue_endless_jankson: 1.2.3
[02:40:58] [main/INFO] - boatbreakfix: 1.0.2
[02:40:58] [main/INFO] - bookshelf: 20.1.8
[02:40:58] [main/INFO] - bosses_of_mass_destruction: 1.7.5-1.20.1
[02:40:58] [main/INFO] - bountiful: 6.0.3+1.20.1
[02:40:58] [main/INFO] - bygonenether: 1.3.2
[02:40:58] [main/INFO] - cardinal-components: 5.2.2
[02:40:58] [main/INFO] - cardinal-components-base: 5.2.2
[02:40:58] [main/INFO] - cardinal-components-block: 5.2.2
[02:40:58] [main/INFO] - cardinal-components-chunk: 5.2.2
[02:40:58] [main/INFO] - cardinal-components-entity: 5.2.2
[02:40:58] [main/INFO] - cardinal-components-item: 5.2.2
[02:40:58] [main/INFO] - cardinal-components-level: 5.2.2
[02:40:58] [main/INFO] - cardinal-components-scoreboard: 5.2.2
[02:40:58] [main/INFO] - cardinal-components-world: 5.2.2
[02:40:58] [main/INFO] - carryon: 2.1.2.7
[02:40:58] [main/INFO] - charmofundying: 6.4.5+1.20.1
[02:40:58] [main/INFO] - chefsdelight: 1.0.3-fabric-1.20.1
[02:40:58] [main/INFO] - chipped: 3.0.1
[02:40:58] [main/INFO] - chunksending: 1.20.1-2.8
[02:40:58] [main/INFO] - cleancut: 6.0
[02:40:58] [main/INFO] - clientcrafting: 1.20.1-1.7
[02:40:58] [main/INFO] - cloth-basic-math: 0.6.1
[02:40:58] [main/INFO] - cloth-config: 11.1.118
[02:40:58] [main/INFO] - cloth-config: 11.1.118
[02:40:58] [main/INFO] - clumps: 12.0.0.3
[02:40:58] [main/INFO] - collective: 7.30
[02:40:58] [main/INFO] - com_electronwill_night-config_core: 3.6.7
[02:40:58] [main/INFO] - com_electronwill_night-config_toml: 3.6.7
[02:40:58] [main/INFO] - com_eliotlash_mclib_mclib: 20
[02:40:58] [main/INFO] - com_github_llamalad7_mixinextras: 0.2.1
[02:40:58] [main/INFO] - com_teamresourceful_bytecodecs: 1.0.2
[02:40:58] [main/INFO] - com_teamresourceful_yabn: 1.0.3
[02:40:58] [main/INFO] - com_twelvemonkeys_common_common-image: 3.10.0-SNAPSHOT
[02:40:58] [main/INFO] - com_twelvemonkeys_common_common-io: 3.10.0-SNAPSHOT
[02:40:58] [main/INFO] - com_twelvemonkeys_common_common-lang: 3.10.0-SNAPSHOT
[02:40:58] [main/INFO] - com_twelvemonkeys_imageio_imageio-core: 3.10.0-SNAPSHOT
[02:40:58] [main/INFO] - com_twelvemonkeys_imageio_imageio-metadata: 3.10.0-SNAPSHOT
[02:40:58] [main/INFO] - com_twelvemonkeys_imageio_imageio-webp: 3.10.0-SNAPSHOT
[02:40:58] [main/INFO] - com_velocitypowered_velocity-native: 3.2.0-SNAPSHOT
[02:40:58] [main/INFO] - comforts: 6.3.4+1.20.1
[02:40:58] [main/INFO] - common-protection-api: 1.0.0
[02:40:58] [main/INFO] - connectivity: 1.20.1-4.9
[02:40:58] [main/INFO] - controlify: 1.7.0-beta.1+1.20
[02:40:58] [main/INFO] - coroutil: 1.20.1-1.3.5
[02:40:58] [main/INFO] - crawl: 0.12.0
[02:40:58] [main/INFO] - cristellib: 1.1.5
[02:40:58] [main/INFO] - culturaldelights: 0.14.11+1.20.1
[02:40:58] [main/INFO] - cupboard: 1.20.1-2.2
[02:40:58] [main/INFO] - customportalapi: 0.0.1-beta64-1.20
[02:40:58] [main/INFO] - dawn: 5.0.0
[02:40:58] [main/INFO] - debugify: 1.20.1+2.0
[02:40:58] [main/INFO] - decorative_blocks: 4.0.3
[02:40:58] [main/INFO] - deeperdarker: 1.2.5
[02:40:58] [main/INFO] - deuf_refabricated: 1.1.0
[02:40:58] [main/INFO] - dev_isxander_libsdl4j: 2.28.2-11
[02:40:58] [main/INFO] - diagonalblocks: 8.0.2
[02:40:58] [main/INFO] - diagonalfences: 8.1.3
[02:40:58] [main/INFO] - dimensionalsyncfixes: 1.20.1-0.0.1
[02:40:58] [main/INFO] - doubledoors: 5.2
[02:40:58] [main/INFO] - dragonloot: 1.1.4
[02:40:58] [main/INFO] - dungeons_arise: 2.1.58
[02:40:58] [main/INFO] - dynamictrim: 1.3.2
[02:40:58] [main/INFO] - easyanvils: 8.0.1
[02:40:58] [main/INFO] - easymagic: 8.0.1
[02:40:58] [main/INFO] - elytraslot: 6.3.0+1.20.1
[02:40:58] [main/INFO] - error_notifier: 1.0.9
[02:40:58] [main/INFO] - everycomp: 1.20-2.6.22
[02:40:58] [main/INFO] - expandeddelight: 0.3.0.2
[02:40:58] [main/INFO] - explorations: 1.20.1-1.5.2
[02:40:58] [main/INFO] - explorify: v1.3.0-mc1.20
[02:40:58] [main/INFO] - extensibleenums: 7.0.1
[02:40:58] [main/INFO] - fabric-api: 0.91.0+1.20.1
[02:40:58] [main/INFO] - fabric-api: 0.91.0+1.20.1
[02:40:58] [main/INFO] - fabric-api-base: 0.4.30+7abfd51577
[02:40:58] [main/INFO] - fabric-api-lookup-api-v1: 1.6.35+4d8536c977
[02:40:58] [main/INFO] - fabric-biome-api-v1: 13.0.12+215bbe9677
[02:40:58] [main/INFO] - fabric-block-api-v1: 1.0.10+92a0d36777
[02:40:58] [main/INFO] - fabric-block-view-api-v2: 1.0.0+92a0d36777
[02:40:58] [main/INFO] - fabric-command-api-v1: 1.2.33+f71b366f77
[02:40:58] [main/INFO] - fabric-command-api-v2: 2.2.12+b3afc78b77
[02:40:58] [main/INFO] - fabric-commands-v0: 0.2.50+df3654b377
[02:40:58] [main/INFO] - fabric-containers-v0: 0.1.63+df3654b377
[02:40:58] [main/INFO] - fabric-content-registries-v0: 4.0.10+57aed33f77
[02:40:58] [main/INFO] - fabric-convention-tags-v1: 1.5.4+a1a980da77
[02:40:58] [main/INFO] - fabric-crash-report-info-v1: 0.2.18+aeb40ebe77
[02:40:58] [main/INFO] - fabric-data-generation-api-v1: 12.3.3+d7b148e077
[02:40:58] [main/INFO] - fabric-dimensions-v1: 2.1.53+8536527b77
[02:40:58] [main/INFO] - fabric-entity-events-v1: 1.5.22+b3afc78b77
[02:40:58] [main/INFO] - fabric-events-interaction-v0: 0.6.1+e91849a877
[02:40:58] [main/INFO] - fabric-events-lifecycle-v0: 0.2.62+df3654b377
[02:40:58] [main/INFO] - fabric-game-rule-api-v1: 1.0.39+ae9f657a77
[02:40:58] [main/INFO] - fabric-item-api-v1: 2.1.27+b3afc78b77
[02:40:58] [main/INFO] - fabric-item-group-api-v1: 4.0.11+d7b148e077
[02:40:58] [main/INFO] - fabric-language-kotlin: 1.10.16+kotlin.1.9.21
[02:40:58] [main/INFO] - fabric-lifecycle-events-v1: 2.2.21+b3afc78b77
[02:40:58] [main/INFO] - fabric-loot-api-v2: 1.2.0+96dfa95977
[02:40:58] [main/INFO] - fabric-loot-tables-v1: 1.1.44+9e7660c677
[02:40:58] [main/INFO] - fabric-message-api-v1: 5.1.8+d7b148e077
[02:40:58] [main/INFO] - fabric-mining-level-api-v1: 2.1.49+b3afc78b77
[02:40:58] [main/INFO] - fabric-networking-api-v1: 1.3.10+eeb8eb3677
[02:40:58] [main/INFO] - fabric-networking-v0: 0.3.50+df3654b377
[02:40:58] [main/INFO] - fabric-object-builder-api-v1: 11.1.2+4ee0bc6077
[02:40:58] [main/INFO] - fabric-particles-v1: 1.1.1+201a23a077
[02:40:58] [main/INFO] - fabric-permissions-api-v0: 0.2-SNAPSHOT
[02:40:58] [main/INFO] - fabric-recipe-api-v1: 1.0.20+b3afc78b77
[02:40:58] [main/INFO] - fabric-registry-sync-v0: 2.3.2+4df89eb277
[02:40:58] [main/INFO] - fabric-rendering-data-attachment-v1: 0.3.36+92a0d36777
[02:40:58] [main/INFO] - fabric-rendering-fluids-v1: 3.0.27+b3afc78b77
[02:40:58] [main/INFO] - fabric-resource-conditions-api-v1: 2.3.7+29de845d77
[02:40:58] [main/INFO] - fabric-resource-loader-v0: 0.11.9+132c48c177
[02:40:58] [main/INFO] - fabric-screen-handler-api-v1: 1.3.29+b3afc78b77
[02:40:58] [main/INFO] - fabric-transfer-api-v1: 3.3.3+c81d263177
[02:40:58] [main/INFO] - fabric-transitive-access-wideners-v1: 4.3.0+6c31357e77
[02:40:58] [main/INFO] - fabricloader: 0.14.25
[02:40:58] [main/INFO] - fallingtree: 4.3.4
[02:40:58] [main/INFO] - farmersdelight: 1.20.1-1.4.3
[02:40:58] [main/INFO] - farmersknives: 3.0.2
[02:40:58] [main/INFO] - fastasyncworldsave: 1.20.1-1.2
[02:40:58] [main/INFO] - fastpaintings: 1.20-1.2.3
[02:40:58] [main/INFO] - ferritecore: 6.0.1
[02:40:58] [main/INFO] - fiber: 0.23.0-2
[02:40:58] [main/INFO] - forgeconfigapiport: 8.0.0
[02:40:58] [main/INFO] - forgeconfigscreens: 8.0.2
[02:40:58] [main/INFO] - formations: 1.0.2
[02:40:58] [main/INFO] - formationsnether: 1.0.3
[02:40:58] [main/INFO] - formationsoverworld: 1.0.2
[02:40:58] [main/INFO] - framework: 0.6.16
[02:40:58] [main/INFO] - friendsandfoes: 2.0.7
[02:40:58] [main/INFO] - frostiful: 1.0.2
[02:40:58] [main/INFO] - ftblibrary: 2001.1.4
[02:40:58] [main/INFO] - ftbquests: 2001.3.0
[02:40:58] [main/INFO] - ftbteams: 2001.1.4
[02:40:58] [main/INFO] - ftbxmodcompat: 2.1.0
[02:40:58] [main/INFO] - fullstackwatchdog: 1.0.1+1.19.2-fabric
[02:40:58] [main/INFO] - fwaystones: 3.1.3+mc1.20
[02:40:58] [main/INFO] - geckolib: 4.3.1
[02:40:58] [main/INFO] - geophilic: v2.1.0-mc1.20u1.20.2
[02:40:58] [main/INFO] - goblintraders: 1.9.3
[02:40:58] [main/INFO] - grassoverhaul: 23.10.11
[02:40:58] [main/INFO] - guardvillagers: 2.0.9-1.20.1
[02:40:58] [main/INFO] - handcrafted: 3.0.5
[02:40:58] [main/INFO] - hearth_and_home: 1.20.1-2.0.1
[02:40:58] [main/INFO] - hearths: v1.0.0-mc1.20u1.20.1
[02:40:58] [main/INFO] - hybrid-aquatic: 1.1.0
[02:40:58] [main/INFO] - iceberg: 1.1.18
[02:40:58] [main/INFO] - illagerinvasion: 8.0.3
[02:40:58] [main/INFO] - inmis: 2.7.2-1.20.1
[02:40:58] [main/INFO] - inmisaddon: 1.0.4
[02:40:58] [main/INFO] - inventorymanagement: 1.3.1
[02:40:58] [main/INFO] - itemfilters: 2001.1.0-build.59
[02:40:58] [main/INFO] - jade: 11.7.0
[02:40:58] [main/INFO] - jamlib: 0.6.1+1.20.x
[02:40:58] [main/INFO] - java: 17
[02:40:58] [main/INFO] - kambrik: 6.1.1+1.20.1
[02:40:58] [main/INFO] - kanos_config: 0.4.1+1.14.4-1.19.4
[02:40:58] [main/INFO] - keybind_fix: 1.0.0
[02:40:58] [main/INFO] - kiwi: 11.3.0
[02:40:58] [main/INFO] - kleeslabs: 15.0.0
[02:40:58] [main/INFO] - konkrete: 1.7.0
[02:40:58] [main/INFO] - krypton: 0.2.3
[02:40:58] [main/INFO] - leavesbegone: 8.0.0
[02:40:58] [main/INFO] - letmedespawn: 1.2.0
[02:40:58] [main/INFO] - lithium: 0.11.2
[02:40:58] [main/INFO] - lmft: 1.0.2+1.20
[02:40:58] [main/INFO] - lootintegrations: 1.20.1-3.4
[02:40:58] [main/INFO] - maelstrom_library: 1.6.1-1.20
[02:40:58] [main/INFO] - magnumtorch: 8.0.1
[02:40:58] [main/INFO] - memoryleakfix: 1.1.2
[02:40:58] [main/INFO] - memorysettings: 1.20.1-5.3
[02:40:58] [main/INFO] - midnightlib: 1.4.1
[02:40:58] [main/INFO] - minecraft: 1.20.1
[02:40:58] [main/INFO] - mixinsquared: 0.1.1
[02:40:58] [main/INFO] - mixintrace: 1.1.1+1.17
[02:40:58] [main/INFO] - mm: 2.3
[02:40:58] [main/INFO] - modernfix: 5.11.1+mc1.20.1
[02:40:58] [main/INFO] - modpack-update-checker: 0.11.1
[02:40:58] [main/INFO] - moonlight: 1.20-2.8.81
[02:40:58] [main/INFO] - mr_dungeons_andtaverns: 3.0.3
[02:40:58] [main/INFO] - mru: 0.4.0+1.20
[02:40:58] [main/INFO] - multipart_entities: 1.5-1.20
[02:40:58] [main/INFO] - mythic_charms: 0.6.0
[02:40:58] [main/INFO] - naturalist: 4.0.3
[02:40:58] [main/INFO] - naturescompass: 1.20.1-2.2.3-fabric
[02:40:58] [main/INFO] - necronomicon: 1.3.0
[02:40:58] [main/INFO] - neruina: 1.3.0
[02:40:58] [main/INFO] - netherchested: 8.0.1
[02:40:58] [main/INFO] - netherportalfix: 13.0.1
[02:40:58] [main/INFO] - nethersdelight: 1.0.0
[02:40:58] [main/INFO] - nightconfigfixes: 8.0.0
[02:40:58] [main/INFO] - nochatreports: 1.20.1-v2.2.2
[02:40:58] [main/INFO] - oceansdelight: fabric-1.0.2-1.20
[02:40:58] [main/INFO] - omega-config: 1.2.3-1.18.1
[02:40:58] [main/INFO] - openpartiesandclaims: 0.20.4
[02:40:58] [main/INFO] - org_hid4java_hid4java: 0.7.0
[02:40:58] [main/INFO] - org_javassist_javassist: 3.29.2-GA
[02:40:58] [main/INFO] - org_jetbrains_kotlin_kotlin-reflect: 1.9.21
[02:40:58] [main/INFO] - org_jetbrains_kotlin_kotlin-stdlib: 1.9.21
[02:40:58] [main/INFO] - org_jetbrains_kotlin_kotlin-stdlib-jdk7: 1.9.21
[02:40:58] [main/INFO] - org_jetbrains_kotlin_kotlin-stdlib-jdk8: 1.9.21
[02:40:58] [main/INFO] - org_jetbrains_kotlinx_atomicfu-jvm: 0.23.1
[02:40:58] [main/INFO] - org_jetbrains_kotlinx_kotlinx-coroutines-core-jvm: 1.7.3
[02:40:58] [main/INFO] - org_jetbrains_kotlinx_kotlinx-coroutines-jdk8: 1.7.3
[02:40:58] [main/INFO] - org_jetbrains_kotlinx_kotlinx-datetime-jvm: 0.4.1
[02:40:58] [main/INFO] - org_jetbrains_kotlinx_kotlinx-serialization-cbor-jvm: 1.6.2
[02:40:58] [main/INFO] - org_jetbrains_kotlinx_kotlinx-serialization-core-jvm: 1.6.2
[02:40:58] [main/INFO] - org_jetbrains_kotlinx_kotlinx-serialization-json-jvm: 1.6.2
[02:40:58] [main/INFO] - org_quiltmc_parsers_gson: 0.2.1
[02:40:58] [main/INFO] - org_quiltmc_parsers_json: 0.2.1
[02:40:58] [main/INFO] - org_quiltmc_quilt-json5: 1.0.3
[02:40:58] [main/INFO] - org_reflections_reflections: 0.10.2
[02:40:58] [main/INFO] - owo: 0.11.2+1.20
[02:40:58] [main/INFO] - packet_tweaker: 0.4.0+1.19.4
[02:40:58] [main/INFO] - packetfixer: 1.2.1
[02:40:58] [main/INFO] - paintings: 11.0.0.0
[02:40:58] [main/INFO] - patchouli: 1.20.1-84-FABRIC
[02:40:58] [main/INFO] - paxi: 1.20-Fabric-4.0
[02:40:58] [main/INFO] - philipsruins: 1.20.1
[02:40:58] [main/INFO] - ping-wheel: 1.7.1
[02:40:58] [main/INFO] - placeholder-api: 2.1.3+1.20.1
[02:40:58] [main/INFO] - polymer-common: 0.5.15+1.20.1
[02:40:58] [main/INFO] - polymer-core: 0.5.15+1.20.1
[02:40:58] [main/INFO] - polymer-networking: 0.5.15+1.20.1
[02:40:58] [main/INFO] - polymer-registry-sync-manipulator: 0.5.15+1.20.1
[02:40:58] [main/INFO] - polymer-resource-pack: 0.5.15+1.20.1
[02:40:58] [main/INFO] - polymer-virtual-entity: 0.5.15+1.20.1
[02:40:58] [main/INFO] - polymorph: 0.49.1+1.20.1
[02:40:58] [main/INFO] - predicate-api: 0.2.1+1.20.1
[02:40:58] [main/INFO] - promenade: 4.1.1
[02:40:58] [main/INFO] - puzzlesaccessapi: 8.0.7
[02:40:58] [main/INFO] - puzzlesapi: 8.0.2
[02:40:58] [main/INFO] - puzzleslib: 8.1.12
[02:40:58] [main/INFO] - quartzelv: 2.2.5+1.20
[02:40:58] [main/INFO] - reacharound: 1.1.2
[02:40:58] [main/INFO] - recipeessentials: 1.20.1-3.2
[02:40:58] [main/INFO] - redirector: 1.20.1-4.4.0
[02:40:58] [main/INFO] - repurposed_structures: 7.1.11+1.20.1-fabric
[02:40:58] [main/INFO] - resourcefullib: 2.1.20
[02:40:58] [main/INFO] - rightclickharvest: 3.2.3+1.19.x-1.20.1-fabric
[02:40:58] [main/INFO] - roughlyenoughitems: 12.0.684
[02:40:58] [main/INFO] - seasons: 2.3+1.20
[02:40:58] [main/INFO] - seasonsdelightcompat: 1.0-1.3.9
[02:40:58] [main/INFO] - seasonsextras: 1.2-BETA+1.20
[02:40:58] [main/INFO] - server_translations_api: 2.0.0+1.20
[02:40:58] [main/INFO] - serverbrowser: 1.1.1
[02:40:58] [main/INFO] - sgui: 1.2.2+1.20
[02:40:58] [main/INFO] - skinlayers3d: 1.6.1
[02:40:58] [main/INFO] - smarterfarmers: 1.20-1.7.3
[02:40:58] [main/INFO] - smoothchunk: 1.20.1-3.5
[02:40:58] [main/INFO] - snowrealmagic: 10.2.3
[02:40:58] [main/INFO] - snowundertrees: 2.0.0+1.20
[02:40:58] [main/INFO] - snowyspirit: 1.20-3.0.6
[02:40:58] [main/INFO] - sound_physics_remastered: 1.20.1-1.1.2
[02:40:58] [main/INFO] - spark: 1.10.53
[02:40:58] [main/INFO] - sparsestructures: 2.1.2
[02:40:58] [main/INFO] - spawn: 1.0.3-fabric
[02:40:58] [main/INFO] - spawners_plus: 2.0.1-1.20.1
[02:40:58] [main/INFO] - spectrelib: 0.13.14+1.20.1
[02:40:58] [main/INFO] - starlight: 1.1.2+fabric.dbc156f
[02:40:58] [main/INFO] - statement: 4.2.8+1.14.4-1.20.1
[02:40:58] [main/INFO] - statement_vanilla_compatibility: 1.0.1+1.16.5-1.17
[02:40:58] [main/INFO] - stoneworks: 8.0.0
[02:40:58] [main/INFO] - structory: 1.3.3
[02:40:58] [main/INFO] - structory_towers: 1.0.6
[02:40:58] [main/INFO] - structureessentials: 1.20.1-3.2
[02:40:58] [main/INFO] - supplementaries: 1.20-2.7.21
[02:40:58] [main/INFO] - suppsquared: 1.20-1.1.12
[02:40:58] [main/INFO] - t_and_t: 1.12
[02:40:58] [main/INFO] - talkbubbles: 1.0.8
[02:40:58] [main/INFO] - tcdcommons: 3.7+fabric-1.20.1
[02:40:58] [main/INFO] - team_reborn_energy: 3.0.0
[02:40:58] [main/INFO] - terrablender: 3.0.1.2
[02:40:58] [main/INFO] - terraform-shapes-api-v1: 7.0.1
[02:40:58] [main/INFO] - terraform-surfaces-api-v1: 7.0.1
[02:40:58] [main/INFO] - terraform-wood-api-v1: 7.0.1
[02:40:58] [main/INFO] - the_bumblezone: 7.1.14+1.20.1-fabric
[02:40:58] [main/INFO] - thermoo: 2.1.0
[02:40:58] [main/INFO] - toms_storage: 1.6.5
[02:40:58] [main/INFO] - toms_trading_network: 0.2.3
[02:40:58] [main/INFO] - toofast: 1.2.0
[02:40:58] [main/INFO] - toolstats: 16.0.7
[02:40:58] [main/INFO] - tradingpost: 8.0.1
[02:40:58] [main/INFO] - transparent: 8.0.1+1.20.1
[02:40:58] [main/INFO] - trinkets: 3.7.1
[02:40:58] [main/INFO] - twigs: 3.1.0
[02:40:58] [main/INFO] - universal-graves: 3.0.0+1.20.1
[02:40:58] [main/INFO] - universal_ores: 1.5.2
[02:40:58] [main/INFO] - variantcraftingtables: 6.3.5
[02:40:58] [main/INFO] - veinmining: 1.2.1+1.20.1
[02:40:58] [main/INFO] - villagernames: 7.3
[02:40:58] [main/INFO] - villagersplus: 3.1
[02:40:58] [main/INFO] - villagesandpillages: 1.0.0
[02:40:58] [main/INFO] - visualworkbench: 8.0.0
[02:40:58] [main/INFO] - voidtotem: 3.0.1
[02:40:58] [main/INFO] - voidz: 1.0.10
[02:40:58] [main/INFO] - watut: 1.20.1-1.0.12
[02:40:58] [main/INFO] - winterly: 0.9.3+1.20
[02:40:58] [main/INFO] - wunderlib: 1.1.5
[02:40:58] [main/INFO] - xaerominimap: 23.9.3
[02:40:58] [main/INFO] - xaeroworldmap: 1.37.2
[02:40:58] [main/INFO] - xp_storage: 1.5.3+1.20.1
[02:40:58] [main/INFO] - xp_storage_trinkets: 1.0+1.20.1
[02:40:58] [main/INFO] - yeetusexperimentus: 2.3.1-build.6+mc1.20.1
[02:40:58] [main/INFO] - yet_another_config_lib_v3: 3.2.1+1.20
[02:40:58] [main/INFO] - ysns: 1.0.5
[02:40:58] [main/INFO] - yungsapi: 1.20-Fabric-4.0.2
[02:40:58] [main/INFO] - yungsbridges: 1.20-Fabric-4.0.3
[02:40:58] [main/INFO] ========================================
[02:40:58] [main/INFO] [REI] Registered plugin provider DefaultPlugin [roughlyenoughitems] for REIPlugin
[02:40:58] [main/INFO] [REI] Registered plugin provider DefaultRuntimePlugin [roughlyenoughitems] for REIPlugin
[02:40:58] [main/INFO] [REI] Registered plugin provider DefaultPlugin [roughlyenoughitems] for REIServerPlugin
[02:40:58] [main/INFO] [REI] Registered plugin provider DefaultRuntimePlugin [roughlyenoughitems] for REIServerPlugin
[02:40:58] [main/INFO] [REI] Registered plugin provider FabricFluidAPISupportPlugin for REIServerPlugin
[02:40:58] [main/INFO] [REI] Registered plugin provider FabricFluidAPISupportPlugin for REIPlugin
[02:41:13] [Worker-Main-3/DEBUG] [REI] Processed 2 tags in 2.281 ms for minecraft:cat_variant
[02:41:13] [Worker-Main-2/DEBUG] [REI] Processed 6 tags in 396.8 μs for minecraft:point_of_interest_type
[02:41:13] [Worker-Main-1/DEBUG] [REI] Processed 5 tags in 167.0 μs for minecraft:game_event
[02:41:13] [Worker-Main-7/DEBUG] [REI] Processed 0 tags in 18.85 μs for minecraft:worldgen/placed_feature
[02:41:13] [Worker-Main-3/DEBUG] [REI] Processed 1 tags in 48.85 μs for minecraft:sound_event
[02:41:13] [Worker-Main-3/DEBUG] [REI] Processed 1 tags in 33.39 μs for minecraft:potion
[02:41:13] [Worker-Main-6/DEBUG] [REI] Processed 16 tags in 149.5 μs for minecraft:banner_pattern
[02:41:13] [Worker-Main-6/DEBUG] [REI] Processed 8 tags in 111.2 μs for minecraft:enchantment
[02:41:13] [Worker-Main-3/DEBUG] [REI] Processed 0 tags in 17.96 μs for minecraft:dimension_type
[02:41:13] [Worker-Main-4/DEBUG] [REI] Processed 130 tags in 1.210 ms for minecraft:entity_type
[02:41:13] [Worker-Main-3/DEBUG] [REI] Processed 0 tags in 37.81 μs for minecraft:worldgen/flat_level_generator_preset
[02:41:13] [Worker-Main-3/DEBUG] [REI] Processed 7 tags in 101.2 μs for minecraft:mob_effect
[02:41:13] [Worker-Main-4/DEBUG] [REI] Processed 2 tags in 109.5 μs for minecraft:painting_variant
[02:41:13] [Worker-Main-5/DEBUG] [REI] Processed 4 tags in 77.58 μs for minecraft:instrument
[02:41:13] [Worker-Main-5/DEBUG] [REI] Processed 0 tags in 23.88 μs for minecraft:worldgen/structure_set
[02:41:13] [Worker-Main-6/DEBUG] [REI] Processed 0 tags in 18.50 μs for minecraft:trim_pattern
[02:41:13] [Worker-Main-5/DEBUG] [REI] Processed 15 tags in 100.1 μs for minecraft:fluid
[02:41:14] [Worker-Main-3/DEBUG] [REI] Processed 0 tags in 17.15 μs for minecraft:worldgen/world_preset
[02:41:14] [Worker-Main-6/DEBUG] [REI] Processed 0 tags in 27.27 μs for minecraft:damage_type
[02:41:14] [Worker-Main-7/DEBUG] [REI] Processed 0 tags in 839.8 μs for minecraft:worldgen/biome
[02:41:14] [Worker-Main-3/DEBUG] [REI] Processed 0 tags in 69.31 μs for minecraft:worldgen/structure
[02:41:14] [Worker-Main-2/DEBUG] [REI] Processed 1227 tags in 30.78 ms for minecraft:item
[02:41:14] [Worker-Main-1/DEBUG] [REI] Processed 872 tags in 67.73 ms for minecraft:block
[02:41:18] [main/DEBUG] [REI] ========================================
[02:41:18] [main/DEBUG] [REI] REIPlugin starting pre-reload for START.
[02:41:18] [main/DEBUG] [REI] Reloadables (7):
[02:41:18] [main/DEBUG] [REI]  - EntryTypeRegistryImpl
[02:41:18] [main/DEBUG] [REI]  - EntrySettingsAdapterRegistryImpl
[02:41:18] [main/DEBUG] [REI]  - RecipeManagerContextImpl
[02:41:18] [main/DEBUG] [REI]  - ItemComparatorRegistryImpl
[02:41:18] [main/DEBUG] [REI]  - FluidComparatorRegistryImpl
[02:41:18] [main/DEBUG] [REI]  - DisplaySerializerRegistryImpl
[02:41:18] [main/DEBUG] [REI]  - FluidSupportProviderImpl
[02:41:18] [main/DEBUG] [REI] Plugins (3):
[02:41:18] [main/DEBUG] [REI]  - (-100.00) DefaultPlugin of DefaultPlugin [roughlyenoughitems]
[02:41:18] [main/DEBUG] [REI]  - (0.00) FabricFluidAPISupportPlugin
[02:41:18] [main/DEBUG] [REI]  - (0.00) DefaultRuntimePlugin of DefaultRuntimePlugin [roughlyenoughitems]
[02:41:18] [main/DEBUG] [REI] ========================================
[02:41:18] [main/TRACE] [REI] [REIPlugin START] Reloading Section: "pre-register/"
[02:41:18] [main/TRACE] [REI] [REIPlugin START] Reloading Section: "pre-register/DefaultPlugin of DefaultPlugin [roughlyenoughitems]/"
[02:41:18] [main/TRACE] [REI] [REIPlugin START] Reloading Section: "pre-register/DefaultPlugin of DefaultPlugin [roughlyenoughitems]/" done in 2.509 ms
[02:41:18] [main/TRACE] [REI] [REIPlugin START] Reloading Section: "pre-register/FabricFluidAPISupportPlugin/"
[02:41:18] [main/TRACE] [REI] [REIPlugin START] Reloading Section: "pre-register/FabricFluidAPISupportPlugin/" done in 26.04 μs
[02:41:18] [main/TRACE] [REI] [REIPlugin START] Reloading Section: "pre-register/DefaultRuntimePlugin of DefaultRuntimePlugin [roughlyenoughitems]/"
[02:41:18] [main/TRACE] [REI] [REIPlugin START] Reloading Section: "pre-register/DefaultRuntimePlugin of DefaultRuntimePlugin [roughlyenoughitems]/" done in 18.08 μs
[02:41:18] [main/TRACE] [REI] [REIPlugin START] Reloading Section: "pre-register/" done in 29.62 ms
[02:41:18] [main/TRACE] [REI] [REIPlugin START] Reloading Section: "pre-stage/"
[02:41:18] [main/TRACE] [REI] [REIPlugin START] Reloading Section: "pre-stage/EntryTypeRegistryImpl/"
[02:41:18] [main/TRACE] [REI] [REIPlugin START] Reloading Section: "pre-stage/EntryTypeRegistryImpl/" done in 495.1 μs
[02:41:18] [main/TRACE] [REI] [REIPlugin START] Reloading Section: "pre-stage/EntrySettingsAdapterRegistryImpl/"
[02:41:18] [main/TRACE] [REI] [REIPlugin START] Reloading Section: "pre-stage/EntrySettingsAdapterRegistryImpl/" done in 12.35 μs
[02:41:18] [main/TRACE] [REI] [REIPlugin START] Reloading Section: "pre-stage/RecipeManagerContextImpl/"
[02:41:18] [main/TRACE] [REI] [REIPlugin START] Reloading Section: "pre-stage/RecipeManagerContextImpl/" done in 12.46 μs
[02:41:18] [main/TRACE] [REI] [REIPlugin START] Reloading Section: "pre-stage/ItemComparatorRegistryImpl/"
[02:41:18] [main/TRACE] [REI] [REIPlugin START] Reloading Section: "pre-stage/ItemComparatorRegistryImpl/" done in 22.62 μs
[02:41:18] [main/TRACE] [REI] [REIPlugin START] Reloading Section: "pre-stage/FluidComparatorRegistryImpl/"
[02:41:18] [main/TRACE] [REI] [REIPlugin START] Reloading Section: "pre-stage/FluidComparatorRegistryImpl/" done in 11.69 μs
[02:41:18] [main/TRACE] [REI] [REIPlugin START] Reloading Section: "pre-stage/DisplaySerializerRegistryImpl/"
[02:41:18] [main/TRACE] [REI] [REIPlugin START] Reloading Section: "pre-stage/DisplaySerializerRegistryImpl/" done in 10.85 μs
[02:41:18] [main/TRACE] [REI] [REIPlugin START] Reloading Section: "pre-stage/FluidSupportProviderImpl/"
[02:41:18] [main/TRACE] [REI] [REIPlugin START] Reloading Section: "pre-stage/FluidSupportProviderImpl/" done in 10.96 μs
[02:41:18] [main/TRACE] [REI] [REIPlugin START] Reloading Section: "pre-stage/" done in 1.694 ms
[02:41:18] [main/DEBUG] [REI] ========================================
[02:41:18] [main/DEBUG] [REI] REIPlugin finished pre-reload for START in 33.33 ms.
[02:41:18] [main/DEBUG] [REI] ========================================
[02:41:18] [main/DEBUG] [REI] ========================================
[02:41:18] [main/DEBUG] [REI] REIServerPlugin starting pre-reload for START.
[02:41:18] [main/DEBUG] [REI] Reloadables (2):
[02:41:18] [main/DEBUG] [REI]  - MenuInfoRegistryImpl
[02:41:18] [main/DEBUG] [REI]  - SlotAccessorRegistryImpl
[02:41:18] [main/DEBUG] [REI] Plugins (3):
[02:41:18] [main/DEBUG] [REI]  - (-100.00) DefaultPlugin of DefaultPlugin [roughlyenoughitems]
[02:41:18] [main/DEBUG] [REI]  - (0.00) FabricFluidAPISupportPlugin
[02:41:18] [main/DEBUG] [REI]  - (0.00) DefaultRuntimePlugin of DefaultRuntimePlugin [roughlyenoughitems]
[02:41:18] [main/DEBUG] [REI] ========================================
[02:41:18] [main/TRACE] [REI] [REIServerPlugin START] Reloading Section: "pre-register/"
[02:41:18] [main/TRACE] [REI] [REIServerPlugin START] Reloading Section: "pre-register/DefaultPlugin of DefaultPlugin [roughlyenoughitems]/"
[02:41:18] [main/TRACE] [REI] [REIServerPlugin START] Reloading Section: "pre-register/DefaultPlugin of DefaultPlugin [roughlyenoughitems]/" done in 23.81 μs
[02:41:18] [main/TRACE] [REI] [REIServerPlugin START] Reloading Section: "pre-register/FabricFluidAPISupportPlugin/"
[02:41:18] [main/TRACE] [REI] [REIServerPlugin START] Reloading Section: "pre-register/FabricFluidAPISupportPlugin/" done in 24.42 μs
[02:41:18] [main/TRACE] [REI] [REIServerPlugin START] Reloading Section: "pre-register/DefaultRuntimePlugin of DefaultRuntimePlugin [roughlyenoughitems]/"
[02:41:18] [main/TRACE] [REI] [REIServerPlugin START] Reloading Section: "pre-register/DefaultRuntimePlugin of DefaultRuntimePlugin [roughlyenoughitems]/" done in 13.73 μs
[02:41:18] [main/TRACE] [REI] [REIServerPlugin START] Reloading Section: "pre-register/" done in 488.5 μs
[02:41:18] [main/TRACE] [REI] [REIServerPlugin START] Reloading Section: "pre-stage/"
[02:41:18] [main/TRACE] [REI] [REIServerPlugin START] Reloading Section: "pre-stage/MenuInfoRegistryImpl/"
[02:41:18] [main/TRACE] [REI] [REIServerPlugin START] Reloading Section: "pre-stage/MenuInfoRegistryImpl/" done in 12.04 μs
[02:41:18] [main/TRACE] [REI] [REIServerPlugin START] Reloading Section: "pre-stage/SlotAccessorRegistryImpl/"
[02:41:18] [main/TRACE] [REI] [REIServerPlugin START] Reloading Section: "pre-stage/SlotAccessorRegistryImpl/" done in 10.19 μs
[02:41:18] [main/TRACE] [REI] [REIServerPlugin START] Reloading Section: "pre-stage/" done in 231.1 μs
[02:41:18] [main/DEBUG] [REI] ========================================
[02:41:18] [main/DEBUG] [REI] REIServerPlugin finished pre-reload for START in 925.3 μs.
[02:41:18] [main/DEBUG] [REI] ========================================
[02:41:18] [main/INFO] [REI] ++++++++++++++++++++++++++++++++++++++++
[02:41:18] [main/INFO] [REI] REIPlugin starting main-reload for START.
[02:41:18] [main/DEBUG] [REI] Reloadables (7):
[02:41:18] [main/DEBUG] [REI]  - EntryTypeRegistryImpl
[02:41:18] [main/DEBUG] [REI]  - EntrySettingsAdapterRegistryImpl
[02:41:18] [main/DEBUG] [REI]  - RecipeManagerContextImpl
[02:41:18] [main/DEBUG] [REI]  - ItemComparatorRegistryImpl
[02:41:18] [main/DEBUG] [REI]  - FluidComparatorRegistryImpl
[02:41:18] [main/DEBUG] [REI]  - DisplaySerializerRegistryImpl
[02:41:18] [main/DEBUG] [REI]  - FluidSupportProviderImpl
[02:41:18] [main/INFO] [REI] Plugins (3):
[02:41:18] [main/INFO] [REI]  - (-100.00) DefaultPlugin of DefaultPlugin [roughlyenoughitems]
[02:41:18] [main/INFO] [REI]  - (0.00) FabricFluidAPISupportPlugin
[02:41:18] [main/INFO] [REI]  - (0.00) DefaultRuntimePlugin of DefaultRuntimePlugin [roughlyenoughitems]
[02:41:18] [main/INFO] [REI] ++++++++++++++++++++++++++++++++++++++++
[02:41:18] [main/TRACE] [REI] [REIPlugin START] Reloading Section: "start-reload/"
[02:41:18] [main/TRACE] [REI] [REIPlugin START] Reloading Section: "start-reload/EntryTypeRegistryImpl/"
[02:41:18] [main/TRACE] [REI] [REIPlugin START] Reloading Section: "start-reload/EntryTypeRegistryImpl/" done in 149.0 μs
[02:41:18] [main/TRACE] [REI] [REIPlugin START] Reloading Section: "start-reload/EntrySettingsAdapterRegistryImpl/"
[02:41:18] [main/TRACE] [REI] [REIPlugin START] Reloading Section: "start-reload/EntrySettingsAdapterRegistryImpl/" done in 22.19 μs
[02:41:18] [main/TRACE] [REI] [REIPlugin START] Reloading Section: "start-reload/RecipeManagerContextImpl/"
[02:41:18] [main/TRACE] [REI] [REIPlugin START] Reloading Section: "start-reload/RecipeManagerContextImpl/" done in 11.27 μs
[02:41:18] [main/TRACE] [REI] [REIPlugin START] Reloading Section: "start-reload/ItemComparatorRegistryImpl/"
[02:41:18] [main/TRACE] [REI] [REIPlugin START] Reloading Section: "start-reload/ItemComparatorRegistryImpl/" done in 51.54 μs
[02:41:18] [main/TRACE] [REI] [REIPlugin START] Reloading Section: "start-reload/FluidComparatorRegistryImpl/"
[02:41:18] [main/TRACE] [REI] [REIPlugin START] Reloading Section: "start-reload/FluidComparatorRegistryImpl/" done in 13.54 μs
[02:41:18] [main/TRACE] [REI] [REIPlugin START] Reloading Section: "start-reload/DisplaySerializerRegistryImpl/"
[02:41:18] [main/TRACE] [REI] [REIPlugin START] Reloading Section: "start-reload/DisplaySerializerRegistryImpl/" done in 9.885 μs
[02:41:18] [main/TRACE] [REI] [REIPlugin START] Reloading Section: "start-reload/FluidSupportProviderImpl/"
[02:41:18] [main/TRACE] [REI] [REIPlugin START] Reloading Section: "start-reload/FluidSupportProviderImpl/" done in 45.92 μs
[02:41:18] [main/TRACE] [REI] [REIPlugin START] Reloading Section: "start-reload/" done in 1.312 ms
[02:41:18] [main/DEBUG] [REI] ========================================
[02:41:18] [main/DEBUG] [REI] REIPlugin started main-reload for START.
[02:41:18] [main/DEBUG] [REI] ========================================
[02:41:18] [main/TRACE] [REI] [REIPlugin START] Reloading Section: "reloadable-plugin/EntryTypeRegistryImpl/"
[02:41:18] [main/TRACE] [REI] [REIPlugin START] Reloading Section: "reloadable-plugin/EntryTypeRegistryImpl/DefaultPlugin of DefaultPlugin [roughlyenoughitems]/"
[02:41:18] [main/TRACE] [REI] [REIPlugin START] Reloading Section: "reloadable-plugin/EntryTypeRegistryImpl/DefaultPlugin of DefaultPlugin [roughlyenoughitems]/" done in 463.5 μs
[02:41:18] [main/TRACE] [REI] [REIPlugin START] Reloading Section: "reloadable-plugin/EntryTypeRegistryImpl/FabricFluidAPISupportPlugin/"
[02:41:18] [main/TRACE] [REI] [REIPlugin START] Reloading Section: "reloadable-plugin/EntryTypeRegistryImpl/FabricFluidAPISupportPlugin/" done in 21.35 μs
[02:41:18] [main/TRACE] [REI] [REIPlugin START] Reloading Section: "reloadable-plugin/EntryTypeRegistryImpl/DefaultRuntimePlugin of DefaultRuntimePlugin [roughlyenoughitems]/"
[02:41:18] [main/TRACE] [REI] [REIPlugin START] Reloading Section: "reloadable-plugin/EntryTypeRegistryImpl/DefaultRuntimePlugin of DefaultRuntimePlugin [roughlyenoughitems]/" done in 32.50 ms
[02:41:18] [main/TRACE] [REI] [REIPlugin START] Reloading Section: "reloadable-plugin/EntryTypeRegistryImpl/" done in 34.72 ms
[02:41:18] [main/TRACE] [REI] [REIPlugin START] Reloading Section: "reloadable-plugin/EntrySettingsAdapterRegistryImpl/"
[02:41:18] [main/TRACE] [REI] [REIPlugin START] Reloading Section: "reloadable-plugin/EntrySettingsAdapterRegistryImpl/DefaultPlugin of DefaultPlugin [roughlyenoughitems]/"
[02:41:18] [main/TRACE] [REI] [REIPlugin START] Reloading Section: "reloadable-plugin/EntrySettingsAdapterRegistryImpl/DefaultPlugin of DefaultPlugin [roughlyenoughitems]/" done in 22.46 μs
[02:41:18] [main/TRACE] [REI] [REIPlugin START] Reloading Section: "reloadable-plugin/EntrySettingsAdapterRegistryImpl/FabricFluidAPISupportPlugin/"
[02:41:18] [main/TRACE] [REI] [REIPlugin START] Reloading Section: "reloadable-plugin/EntrySettingsAdapterRegistryImpl/FabricFluidAPISupportPlugin/" done in 18.65 μs
[02:41:18] [main/TRACE] [REI] [REIPlugin START] Reloading Section: "reloadable-plugin/EntrySettingsAdapterRegistryImpl/DefaultRuntimePlugin of DefaultRuntimePlugin [roughlyenoughitems]/"
[02:41:18] [main/TRACE] [REI] [REIPlugin START] Reloading Section: "reloadable-plugin/EntrySettingsAdapterRegistryImpl/DefaultRuntimePlugin of DefaultRuntimePlugin [roughlyenoughitems]/" done in 20.50 μs
[02:41:18] [main/TRACE] [REI] [REIPlugin START] Reloading Section: "reloadable-plugin/EntrySettingsAdapterRegistryImpl/" done in 581.7 μs
[02:41:18] [main/TRACE] [REI] [REIPlugin START] Reloading Section: "reloadable-plugin/RecipeManagerContextImpl/"
[02:41:18] [main/TRACE] [REI] [REIPlugin START] Reloading Section: "reloadable-plugin/RecipeManagerContextImpl/DefaultPlugin of DefaultPlugin [roughlyenoughitems]/"
[02:41:18] [main/TRACE] [REI] [REIPlugin START] Reloading Section: "reloadable-plugin/RecipeManagerContextImpl/DefaultPlugin of DefaultPlugin [roughlyenoughitems]/" done in 16.85 μs
[02:41:18] [main/TRACE] [REI] [REIPlugin START] Reloading Section: "reloadable-plugin/RecipeManagerContextImpl/FabricFluidAPISupportPlugin/"
[02:41:18] [main/TRACE] [REI] [REIPlugin START] Reloading Section: "reloadable-plugin/RecipeManagerContextImpl/FabricFluidAPISupportPlugin/" done in 16.96 μs
[02:41:18] [main/TRACE] [REI] [REIPlugin START] Reloading Section: "reloadable-plugin/RecipeManagerContextImpl/DefaultRuntimePlugin of DefaultRuntimePlugin [roughlyenoughitems]/"
[02:41:18] [main/TRACE] [REI] [REIPlugin START] Reloading Section: "reloadable-plugin/RecipeManagerContextImpl/DefaultRuntimePlugin of DefaultRuntimePlugin [roughlyenoughitems]/" done in 16.58 μs
[02:41:18] [main/TRACE] [REI] [REIPlugin START] Reloading Section: "reloadable-plugin/RecipeManagerContextImpl/" done in 445.3 μs
[02:41:18] [main/TRACE] [REI] [REIPlugin START] Reloading Section: "reloadable-plugin/ItemComparatorRegistryImpl/"
[02:41:18] [main/TRACE] [REI] [REIPlugin START] Reloading Section: "reloadable-plugin/ItemComparatorRegistryImpl/DefaultPlugin of DefaultPlugin [roughlyenoughitems]/"
[02:41:18] [main/TRACE] [REI] [REIPlugin START] Reloading Section: "reloadable-plugin/ItemComparatorRegistryImpl/DefaultPlugin of DefaultPlugin [roughlyenoughitems]/" done in 1.425 ms
[02:41:18] [main/TRACE] [REI] [REIPlugin START] Reloading Section: "reloadable-plugin/ItemComparatorRegistryImpl/FabricFluidAPISupportPlugin/"
[02:41:18] [main/TRACE] [REI] [REIPlugin START] Reloading Section: "reloadable-plugin/ItemComparatorRegistryImpl/FabricFluidAPISupportPlugin/" done in 26.38 μs
[02:41:18] [main/TRACE] [REI] [REIPlugin START] Reloading Section: "reloadable-plugin/ItemComparatorRegistryImpl/DefaultRuntimePlugin of DefaultRuntimePlugin [roughlyenoughitems]/"
[02:41:18] [main/TRACE] [REI] [REIPlugin START] Reloading Section: "reloadable-plugin/ItemComparatorRegistryImpl/DefaultRuntimePlugin of DefaultRuntimePlugin [roughlyenoughitems]/" done in 18.54 μs
[02:41:18] [main/TRACE] [REI] [REIPlugin START] Reloading Section: "reloadable-plugin/ItemComparatorRegistryImpl/" done in 1.990 ms
[02:41:18] [main/TRACE] [REI] [REIPlugin START] Reloading Section: "reloadable-plugin/FluidComparatorRegistryImpl/"
[02:41:18] [main/TRACE] [REI] [REIPlugin START] Reloading Section: "reloadable-plugin/FluidComparatorRegistryImpl/DefaultPlugin of DefaultPlugin [roughlyenoughitems]/"
[02:41:18] [main/TRACE] [REI] [REIPlugin START] Reloading Section: "reloadable-plugin/FluidComparatorRegistryImpl/DefaultPlugin of DefaultPlugin [roughlyenoughitems]/" done in 39.50 μs
[02:41:18] [main/TRACE] [REI] [REIPlugin START] Reloading Section: "reloadable-plugin/FluidComparatorRegistryImpl/FabricFluidAPISupportPlugin/"
[02:41:18] [main/TRACE] [REI] [REIPlugin START] Reloading Section: "reloadable-plugin/FluidComparatorRegistryImpl/FabricFluidAPISupportPlugin/" done in 19.73 μs
[02:41:18] [main/TRACE] [REI] [REIPlugin START] Reloading Section: "reloadable-plugin/FluidComparatorRegistryImpl/DefaultRuntimePlugin of DefaultRuntimePlugin [roughlyenoughitems]/"
[02:41:18] [main/TRACE] [REI] [REIPlugin START] Reloading Section: "reloadable-plugin/FluidComparatorRegistryImpl/DefaultRuntimePlugin of DefaultRuntimePlugin [roughlyenoughitems]/" done in 17.65 μs
[02:41:18] [main/TRACE] [REI] [REIPlugin START] Reloading Section: "reloadable-plugin/FluidComparatorRegistryImpl/" done in 493.8 μs
[02:41:18] [main/TRACE] [REI] [REIPlugin START] Reloading Section: "reloadable-plugin/DisplaySerializerRegistryImpl/"
[02:41:18] [main/TRACE] [REI] [REIPlugin START] Reloading Section: "reloadable-plugin/DisplaySerializerRegistryImpl/DefaultPlugin of DefaultPlugin [roughlyenoughitems]/"
[02:41:18] [main/TRACE] [REI] [REIPlugin START] Reloading Section: "reloadable-plugin/DisplaySerializerRegistryImpl/DefaultPlugin of DefaultPlugin [roughlyenoughitems]/" done in 15.69 μs
[02:41:18] [main/TRACE] [REI] [REIPlugin START] Reloading Section: "reloadable-plugin/DisplaySerializerRegistryImpl/FabricFluidAPISupportPlugin/"
[02:41:18] [main/TRACE] [REI] [REIPlugin START] Reloading Section: "reloadable-plugin/DisplaySerializerRegistryImpl/FabricFluidAPISupportPlugin/" done in 15.73 μs
[02:41:18] [main/TRACE] [REI] [REIPlugin START] Reloading Section: "reloadable-plugin/DisplaySerializerRegistryImpl/DefaultRuntimePlugin of DefaultRuntimePlugin [roughlyenoughitems]/"
[02:41:18] [main/TRACE] [REI] [REIPlugin START] Reloading Section: "reloadable-plugin/DisplaySerializerRegistryImpl/DefaultRuntimePlugin of DefaultRuntimePlugin [roughlyenoughitems]/" done in 15.88 μs
[02:41:18] [main/TRACE] [REI] [REIPlugin START] Reloading Section: "reloadable-plugin/DisplaySerializerRegistryImpl/" done in 411.7 μs
[02:41:18] [main/TRACE] [REI] [REIPlugin START] Reloading Section: "reloadable-plugin/FluidSupportProviderImpl/"
[02:41:18] [main/TRACE] [REI] [REIPlugin START] Reloading Section: "reloadable-plugin/FluidSupportProviderImpl/DefaultPlugin of DefaultPlugin [roughlyenoughitems]/"
[02:41:18] [main/TRACE] [REI] [REIPlugin START] Reloading Section: "reloadable-plugin/FluidSupportProviderImpl/DefaultPlugin of DefaultPlugin [roughlyenoughitems]/" done in 1.291 ms
[02:41:18] [main/TRACE] [REI] [REIPlugin START] Reloading Section: "reloadable-plugin/FluidSupportProviderImpl/FabricFluidAPISupportPlugin/"
[02:41:18] [main/TRACE] [REI] [REIPlugin START] Reloading Section: "reloadable-plugin/FluidSupportProviderImpl/FabricFluidAPISupportPlugin/" done in 367.9 μs
[02:41:18] [main/TRACE] [REI] [REIPlugin START] Reloading Section: "reloadable-plugin/FluidSupportProviderImpl/DefaultRuntimePlugin of DefaultRuntimePlugin [roughlyenoughitems]/"
[02:41:18] [main/TRACE] [REI] [REIPlugin START] Reloading Section: "reloadable-plugin/FluidSupportProviderImpl/DefaultRuntimePlugin of DefaultRuntimePlugin [roughlyenoughitems]/" done in 33.50 μs
[02:41:18] [main/TRACE] [REI] [REIPlugin START] Reloading Section: "reloadable-plugin/FluidSupportProviderImpl/" done in 2.270 ms
[02:41:18] [main/DEBUG] [REI] ========================================
[02:41:18] [main/DEBUG] [REI] REIPlugin ending main-reload for START.
[02:41:18] [main/DEBUG] [REI] ========================================
[02:41:18] [main/TRACE] [REI] [REIPlugin START] Reloading Section: "end-reload/"
[02:41:18] [main/TRACE] [REI] [REIPlugin START] Reloading Section: "end-reload/EntryTypeRegistryImpl/"
[02:41:18] [main/TRACE] [REI] [REIPlugin START] Reloading Section: "end-reload/EntryTypeRegistryImpl/" done in 23.81 μs
[02:41:18] [main/TRACE] [REI] [REIPlugin START] Reloading Section: "end-reload/EntrySettingsAdapterRegistryImpl/"
[02:41:18] [main/TRACE] [REI] [REIPlugin START] Reloading Section: "end-reload/EntrySettingsAdapterRegistryImpl/" done in 11.00 μs
[02:41:18] [main/TRACE] [REI] [REIPlugin START] Reloading Section: "end-reload/RecipeManagerContextImpl/"
[02:41:18] [main/TRACE] [REI] [REIPlugin START] Reloading Section: "end-reload/RecipeManagerContextImpl/" done in 9.847 μs
[02:41:18] [main/TRACE] [REI] [REIPlugin START] Reloading Section: "end-reload/ItemComparatorRegistryImpl/"
[02:41:18] [main/TRACE] [REI] [REIPlugin START] Reloading Section: "end-reload/ItemComparatorRegistryImpl/" done in 10.54 μs
[02:41:18] [main/TRACE] [REI] [REIPlugin START] Reloading Section: "end-reload/FluidComparatorRegistryImpl/"
[02:41:18] [main/TRACE] [REI] [REIPlugin START] Reloading Section: "end-reload/FluidComparatorRegistryImpl/" done in 11.54 μs
[02:41:18] [main/TRACE] [REI] [REIPlugin START] Reloading Section: "end-reload/DisplaySerializerRegistryImpl/"
[02:41:18] [main/TRACE] [REI] [REIPlugin START] Reloading Section: "end-reload/DisplaySerializerRegistryImpl/" done in 10.27 μs
[02:41:18] [main/TRACE] [REI] [REIPlugin START] Reloading Section: "end-reload/FluidSupportProviderImpl/"
[02:41:18] [main/TRACE] [REI] [REIPlugin START] Reloading Section: "end-reload/FluidSupportProviderImpl/" done in 10.12 μs
[02:41:18] [main/TRACE] [REI] [REIPlugin START] Reloading Section: "end-reload/" done in 996.9 μs
[02:41:18] [main/DEBUG] [REI] ========================================
[02:41:18] [main/DEBUG] [REI] REIPlugin ended main-reload for START in 47.53 ms.
[02:41:18] [main/DEBUG] [REI] ========================================
[02:41:18] [main/INFO] [REI] ****************************************
[02:41:18] [main/INFO] [REI] REIServerPlugin starting main-reload for START.
[02:41:18] [main/DEBUG] [REI] Reloadables (2):
[02:41:18] [main/DEBUG] [REI]  - MenuInfoRegistryImpl
[02:41:18] [main/DEBUG] [REI]  - SlotAccessorRegistryImpl
[02:41:18] [main/INFO] [REI] Plugins (3):
[02:41:18] [main/INFO] [REI]  - (-100.00) DefaultPlugin of DefaultPlugin [roughlyenoughitems]
[02:41:18] [main/INFO] [REI]  - (0.00) FabricFluidAPISupportPlugin
[02:41:18] [main/INFO] [REI]  - (0.00) DefaultRuntimePlugin of DefaultRuntimePlugin [roughlyenoughitems]
[02:41:18] [main/INFO] [REI] ****************************************
[02:41:18] [main/TRACE] [REI] [REIServerPlugin START] Reloading Section: "start-reload/"
[02:41:18] [main/TRACE] [REI] [REIServerPlugin START] Reloading Section: "start-reload/MenuInfoRegistryImpl/"
[02:41:18] [main/TRACE] [REI] [REIServerPlugin START] Reloading Section: "start-reload/MenuInfoRegistryImpl/" done in 14.92 μs
[02:41:18] [main/TRACE] [REI] [REIServerPlugin START] Reloading Section: "start-reload/SlotAccessorRegistryImpl/"
[02:41:18] [main/TRACE] [REI] [REIServerPlugin START] Reloading Section: "start-reload/SlotAccessorRegistryImpl/" done in 10.08 μs
[02:41:18] [main/TRACE] [REI] [REIServerPlugin START] Reloading Section: "start-reload/" done in 243.0 μs
[02:41:18] [main/DEBUG] [REI] ========================================
[02:41:18] [main/DEBUG] [REI] REIServerPlugin started main-reload for START.
[02:41:18] [main/DEBUG] [REI] ========================================
[02:41:18] [main/TRACE] [REI] [REIServerPlugin START] Reloading Section: "reloadable-plugin/MenuInfoRegistryImpl/"
[02:41:18] [main/TRACE] [REI] [REIServerPlugin START] Reloading Section: "reloadable-plugin/MenuInfoRegistryImpl/DefaultPlugin of DefaultPlugin [roughlyenoughitems]/"
[02:41:18] [main/TRACE] [REI] [REIServerPlugin START] Reloading Section: "reloadable-plugin/MenuInfoRegistryImpl/DefaultPlugin of DefaultPlugin [roughlyenoughitems]/" done in 21.73 μs
[02:41:18] [main/TRACE] [REI] [REIServerPlugin START] Reloading Section: "reloadable-plugin/MenuInfoRegistryImpl/FabricFluidAPISupportPlugin/"
[02:41:18] [main/TRACE] [REI] [REIServerPlugin START] Reloading Section: "reloadable-plugin/MenuInfoRegistryImpl/FabricFluidAPISupportPlugin/" done in 14.73 μs
[02:41:18] [main/TRACE] [REI] [REIServerPlugin START] Reloading Section: "reloadable-plugin/MenuInfoRegistryImpl/DefaultRuntimePlugin of DefaultRuntimePlugin [roughlyenoughitems]/"
[02:41:18] [main/TRACE] [REI] [REIServerPlugin START] Reloading Section: "reloadable-plugin/MenuInfoRegistryImpl/DefaultRuntimePlugin of DefaultRuntimePlugin [roughlyenoughitems]/" done in 15.04 μs
[02:41:18] [main/TRACE] [REI] [REIServerPlugin START] Reloading Section: "reloadable-plugin/MenuInfoRegistryImpl/" done in 447.5 μs
[02:41:18] [main/TRACE] [REI] [REIServerPlugin START] Reloading Section: "reloadable-plugin/SlotAccessorRegistryImpl/"
[02:41:18] [main/TRACE] [REI] [REIServerPlugin START] Reloading Section: "reloadable-plugin/SlotAccessorRegistryImpl/DefaultPlugin of DefaultPlugin [roughlyenoughitems]/"
[02:41:18] [main/TRACE] [REI] [REIServerPlugin START] Reloading Section: "reloadable-plugin/SlotAccessorRegistryImpl/DefaultPlugin of DefaultPlugin [roughlyenoughitems]/" done in 13.65 μs
[02:41:18] [main/TRACE] [REI] [REIServerPlugin START] Reloading Section: "reloadable-plugin/SlotAccessorRegistryImpl/FabricFluidAPISupportPlugin/"
[02:41:18] [main/TRACE] [REI] [REIServerPlugin START] Reloading Section: "reloadable-plugin/SlotAccessorRegistryImpl/FabricFluidAPISupportPlugin/" done in 14.15 μs
[02:41:18] [main/TRACE] [REI] [REIServerPlugin START] Reloading Section: "reloadable-plugin/SlotAccessorRegistryImpl/DefaultRuntimePlugin of DefaultRuntimePlugin [roughlyenoughitems]/"
[02:41:18] [main/TRACE] [REI] [REIServerPlugin START] Reloading Section: "reloadable-plugin/SlotAccessorRegistryImpl/DefaultRuntimePlugin of DefaultRuntimePlugin [roughlyenoughitems]/" done in 13.92 μs
[02:41:18] [main/TRACE] [REI] [REIServerPlugin START] Reloading Section: "reloadable-plugin/SlotAccessorRegistryImpl/" done in 365.5 μs
[02:41:18] [main/DEBUG] [REI] ========================================
[02:41:18] [main/DEBUG] [REI] REIServerPlugin ending main-reload for START.
[02:41:18] [main/DEBUG] [REI] ========================================
[02:41:18] [main/TRACE] [REI] [REIServerPlugin START] Reloading Section: "end-reload/"
[02:41:18] [main/TRACE] [REI] [REIServerPlugin START] Reloading Section: "end-reload/MenuInfoRegistryImpl/"
[02:41:18] [main/TRACE] [REI] [REIServerPlugin START] Reloading Section: "end-reload/MenuInfoRegistryImpl/" done in 9.962 μs
[02:41:18] [main/TRACE] [REI] [REIServerPlugin START] Reloading Section: "end-reload/SlotAccessorRegistryImpl/"
[02:41:18] [main/TRACE] [REI] [REIServerPlugin START] Reloading Section: "end-reload/SlotAccessorRegistryImpl/" done in 9.731 μs
[02:41:18] [main/TRACE] [REI] [REIServerPlugin START] Reloading Section: "end-reload/" done in 211.6 μs
[02:41:18] [main/DEBUG] [REI] ========================================
[02:41:18] [main/DEBUG] [REI] REIServerPlugin ended main-reload for START in 2.953 ms.
[02:41:18] [main/DEBUG] [REI] ========================================
[02:41:18] [main/DEBUG] [REI] ========================================
[02:41:18] [main/DEBUG] [REI] REIPlugin starting post-reload for START.
[02:41:18] [main/DEBUG] [REI] Reloadables (7):
[02:41:18] [main/DEBUG] [REI]  - EntryTypeRegistryImpl
[02:41:18] [main/DEBUG] [REI]  - EntrySettingsAdapterRegistryImpl
[02:41:18] [main/DEBUG] [REI]  - RecipeManagerContextImpl
[02:41:18] [main/DEBUG] [REI]  - ItemComparatorRegistryImpl
[02:41:18] [main/DEBUG] [REI]  - FluidComparatorRegistryImpl
[02:41:18] [main/DEBUG] [REI]  - DisplaySerializerRegistryImpl
[02:41:18] [main/DEBUG] [REI]  - FluidSupportProviderImpl
[02:41:18] [main/DEBUG] [REI] Plugins (3):
[02:41:18] [main/DEBUG] [REI]  - (-100.00) DefaultPlugin of DefaultPlugin [roughlyenoughitems]
[02:41:18] [main/DEBUG] [REI]  - (0.00) FabricFluidAPISupportPlugin
[02:41:18] [main/DEBUG] [REI]  - (0.00) DefaultRuntimePlugin of DefaultRuntimePlugin [roughlyenoughitems]
[02:41:18] [main/DEBUG] [REI] ========================================
[02:41:18] [main/TRACE] [REI] [REIPlugin START] Reloading Section: "post-register/"
[02:41:18] [main/TRACE] [REI] [REIPlugin START] Reloading Section: "post-register/DefaultPlugin of DefaultPlugin [roughlyenoughitems]/"
[02:41:18] [main/TRACE] [REI] [REIPlugin START] Reloading Section: "post-register/DefaultPlugin of DefaultPlugin [roughlyenoughitems]/" done in 451.4 μs
[02:41:18] [main/TRACE] [REI] [REIPlugin START] Reloading Section: "post-register/FabricFluidAPISupportPlugin/"
[02:41:18] [main/TRACE] [REI] [REIPlugin START] Reloading Section: "post-register/FabricFluidAPISupportPlugin/" done in 15.46 μs
[02:41:18] [main/TRACE] [REI] [REIPlugin START] Reloading Section: "post-register/DefaultRuntimePlugin of DefaultRuntimePlugin [roughlyenoughitems]/"
[02:41:18] [main/TRACE] [REI] [REIPlugin START] Reloading Section: "post-register/DefaultRuntimePlugin of DefaultRuntimePlugin [roughlyenoughitems]/" done in 12.50 μs
[02:41:18] [main/TRACE] [REI] [REIPlugin START] Reloading Section: "post-register/" done in 1.308 ms
[02:41:18] [main/TRACE] [REI] [REIPlugin START] Reloading Section: "post-stage/"
[02:41:18] [main/TRACE] [REI] [REIPlugin START] Reloading Section: "post-stage/EntryTypeRegistryImpl/"
[02:41:18] [main/TRACE] [REI] [REIPlugin START] Reloading Section: "post-stage/EntryTypeRegistryImpl/" done in 18.65 μs
[02:41:18] [main/TRACE] [REI] [REIPlugin START] Reloading Section: "post-stage/EntrySettingsAdapterRegistryImpl/"
[02:41:18] [main/TRACE] [REI] [REIPlugin START] Reloading Section: "post-stage/EntrySettingsAdapterRegistryImpl/" done in 9.269 μs
[02:41:18] [main/TRACE] [REI] [REIPlugin START] Reloading Section: "post-stage/RecipeManagerContextImpl/"
[02:41:18] [main/TRACE] [REI] [REIPlugin START] Reloading Section: "post-stage/RecipeManagerContextImpl/" done in 8.538 μs
[02:41:18] [main/TRACE] [REI] [REIPlugin START] Reloading Section: "post-stage/ItemComparatorRegistryImpl/"
[02:41:18] [main/TRACE] [REI] [REIPlugin START] Reloading Section: "post-stage/ItemComparatorRegistryImpl/" done in 9.269 μs
[02:41:18] [main/TRACE] [REI] [REIPlugin START] Reloading Section: "post-stage/FluidComparatorRegistryImpl/"
[02:41:18] [main/TRACE] [REI] [REIPlugin START] Reloading Section: "post-stage/FluidComparatorRegistryImpl/" done in 9.116 μs
[02:41:18] [main/TRACE] [REI] [REIPlugin START] Reloading Section: "post-stage/DisplaySerializerRegistryImpl/"
[02:41:18] [main/TRACE] [REI] [REIPlugin START] Reloading Section: "post-stage/DisplaySerializerRegistryImpl/" done in 8.731 μs
[02:41:18] [main/TRACE] [REI] [REIPlugin START] Reloading Section: "post-stage/FluidSupportProviderImpl/"
[02:41:18] [main/TRACE] [REI] [REIPlugin START] Reloading Section: "post-stage/FluidSupportProviderImpl/" done in 7.577 μs
[02:41:18] [main/TRACE] [REI] [REIPlugin START] Reloading Section: "post-stage/" done in 1.016 ms
[02:41:18] [main/DEBUG] [REI] ========================================
[02:41:18] [main/INFO] [REI] REIPlugin finished post-reload for START in 2.515 ms, totaling 83.36 ms.
[02:41:18] [main/DEBUG] [REI] ========================================
[02:41:18] [main/DEBUG] [REI] ========================================
[02:41:18] [main/DEBUG] [REI] REIServerPlugin starting post-reload for START.
[02:41:18] [main/DEBUG] [REI] Reloadables (2):
[02:41:18] [main/DEBUG] [REI]  - MenuInfoRegistryImpl
[02:41:18] [main/DEBUG] [REI]  - SlotAccessorRegistryImpl
[02:41:18] [main/DEBUG] [REI] Plugins (3):
[02:41:18] [main/DEBUG] [REI]  - (-100.00) DefaultPlugin of DefaultPlugin [roughlyenoughitems]
[02:41:18] [main/DEBUG] [REI]  - (0.00) FabricFluidAPISupportPlugin
[02:41:18] [main/DEBUG] [REI]  - (0.00) DefaultRuntimePlugin of DefaultRuntimePlugin [roughlyenoughitems]
[02:41:18] [main/DEBUG] [REI] ========================================
[02:41:18] [main/TRACE] [REI] [REIServerPlugin START] Reloading Section: "post-register/"
[02:41:18] [main/TRACE] [REI] [REIServerPlugin START] Reloading Section: "post-register/DefaultPlugin of DefaultPlugin [roughlyenoughitems]/"
[02:41:18] [main/TRACE] [REI] [REIServerPlugin START] Reloading Section: "post-register/DefaultPlugin of DefaultPlugin [roughlyenoughitems]/" done in 18.23 μs
[02:41:18] [main/TRACE] [REI] [REIServerPlugin START] Reloading Section: "post-register/FabricFluidAPISupportPlugin/"
[02:41:18] [main/TRACE] [REI] [REIServerPlugin START] Reloading Section: "post-register/FabricFluidAPISupportPlugin/" done in 11.73 μs
[02:41:18] [main/TRACE] [REI] [REIServerPlugin START] Reloading Section: "post-register/DefaultRuntimePlugin of DefaultRuntimePlugin [roughlyenoughitems]/"
[02:41:18] [main/TRACE] [REI] [REIServerPlugin START] Reloading Section: "post-register/DefaultRuntimePlugin of DefaultRuntimePlugin [roughlyenoughitems]/" done in 10.31 μs
[02:41:18] [main/TRACE] [REI] [REIServerPlugin START] Reloading Section: "post-register/" done in 350.3 μs
[02:41:18] [main/TRACE] [REI] [REIServerPlugin START] Reloading Section: "post-stage/"
[02:41:18] [main/TRACE] [REI] [REIServerPlugin START] Reloading Section: "post-stage/MenuInfoRegistryImpl/"
[02:41:18] [main/TRACE] [REI] [REIServerPlugin START] Reloading Section: "post-stage/MenuInfoRegistryImpl/" done in 11.12 μs
[02:41:18] [main/TRACE] [REI] [REIServerPlugin START] Reloading Section: "post-stage/SlotAccessorRegistryImpl/"
[02:41:18] [main/TRACE] [REI] [REIServerPlugin START] Reloading Section: "post-stage/SlotAccessorRegistryImpl/" done in 7.231 μs
[02:41:18] [main/TRACE] [REI] [REIServerPlugin START] Reloading Section: "post-stage/" done in 205.5 μs
[02:41:18] [main/DEBUG] [REI] ========================================
[02:41:18] [main/INFO] [REI] REIServerPlugin finished post-reload for START in 721.8 μs, totaling 4.575 ms.
[02:41:18] [main/DEBUG] [REI] ========================================
[02:41:18] [main/DEBUG] [REI] ========================================
[02:41:18] [main/DEBUG] [REI] REIPlugin starting pre-reload for END.
[02:41:18] [main/DEBUG] [REI] Reloadables (7):
[02:41:18] [main/DEBUG] [REI]  - EntryTypeRegistryImpl
[02:41:18] [main/DEBUG] [REI]  - EntrySettingsAdapterRegistryImpl
[02:41:18] [main/DEBUG] [REI]  - RecipeManagerContextImpl
[02:41:18] [main/DEBUG] [REI]  - ItemComparatorRegistryImpl
[02:41:18] [main/DEBUG] [REI]  - FluidComparatorRegistryImpl
[02:41:18] [main/DEBUG] [REI]  - DisplaySerializerRegistryImpl
[02:41:18] [main/DEBUG] [REI]  - FluidSupportProviderImpl
[02:41:18] [main/DEBUG] [REI] Plugins (3):
[02:41:18] [main/DEBUG] [REI]  - (-100.00) DefaultPlugin of DefaultPlugin [roughlyenoughitems]
[02:41:18] [main/DEBUG] [REI]  - (0.00) FabricFluidAPISupportPlugin
[02:41:18] [main/DEBUG] [REI]  - (0.00) DefaultRuntimePlugin of DefaultRuntimePlugin [roughlyenoughitems]
[02:41:18] [main/DEBUG] [REI] ========================================
[02:41:18] [main/TRACE] [REI] [REIPlugin END] Reloading Section: "pre-register/"
[02:41:18] [main/TRACE] [REI] [REIPlugin END] Reloading Section: "pre-register/DefaultPlugin of DefaultPlugin [roughlyenoughitems]/"
[02:41:18] [main/TRACE] [REI] [REIPlugin END] Reloading Section: "pre-register/DefaultPlugin of DefaultPlugin [roughlyenoughitems]/" done in 14.19 μs
[02:41:18] [main/TRACE] [REI] [REIPlugin END] Reloading Section: "pre-register/FabricFluidAPISupportPlugin/"
[02:41:18] [main/TRACE] [REI] [REIPlugin END] Reloading Section: "pre-register/FabricFluidAPISupportPlugin/" done in 11.35 μs
[02:41:18] [main/TRACE] [REI] [REIPlugin END] Reloading Section: "pre-register/DefaultRuntimePlugin of DefaultRuntimePlugin [roughlyenoughitems]/"
[02:41:18] [main/TRACE] [REI] [REIPlugin END] Reloading Section: "pre-register/DefaultRuntimePlugin of DefaultRuntimePlugin [roughlyenoughitems]/" done in 10.81 μs
[02:41:18] [main/TRACE] [REI] [REIPlugin END] Reloading Section: "pre-register/" done in 338.0 μs
[02:41:18] [main/TRACE] [REI] [REIPlugin END] Reloading Section: "pre-stage/"
[02:41:18] [main/TRACE] [REI] [REIPlugin END] Reloading Section: "pre-stage/EntryTypeRegistryImpl/"
[02:41:18] [main/TRACE] [REI] [REIPlugin END] Reloading Section: "pre-stage/EntryTypeRegistryImpl/" done in 14.54 μs
[02:41:18] [main/TRACE] [REI] [REIPlugin END] Reloading Section: "pre-stage/EntrySettingsAdapterRegistryImpl/"
[02:41:18] [main/TRACE] [REI] [REIPlugin END] Reloading Section: "pre-stage/EntrySettingsAdapterRegistryImpl/" done in 7.846 μs
[02:41:18] [main/TRACE] [REI] [REIPlugin END] Reloading Section: "pre-stage/RecipeManagerContextImpl/"
[02:41:18] [main/TRACE] [REI] [REIPlugin END] Reloading Section: "pre-stage/RecipeManagerContextImpl/" done in 8.846 μs
[02:41:18] [main/TRACE] [REI] [REIPlugin END] Reloading Section: "pre-stage/ItemComparatorRegistryImpl/"
[02:41:18] [main/TRACE] [REI] [REIPlugin END] Reloading Section: "pre-stage/ItemComparatorRegistryImpl/" done in 8.000 μs
[02:41:18] [main/TRACE] [REI] [REIPlugin END] Reloading Section: "pre-stage/FluidComparatorRegistryImpl/"
[02:41:18] [main/TRACE] [REI] [REIPlugin END] Reloading Section: "pre-stage/FluidComparatorRegistryImpl/" done in 7.808 μs
[02:41:18] [main/TRACE] [REI] [REIPlugin END] Reloading Section: "pre-stage/DisplaySerializerRegistryImpl/"
[02:41:18] [main/TRACE] [REI] [REIPlugin END] Reloading Section: "pre-stage/DisplaySerializerRegistryImpl/" done in 7.693 μs
[02:41:18] [main/TRACE] [REI] [REIPlugin END] Reloading Section: "pre-stage/FluidSupportProviderImpl/"
[02:41:18] [main/TRACE] [REI] [REIPlugin END] Reloading Section: "pre-stage/FluidSupportProviderImpl/" done in 7.962 μs
[02:41:18] [main/TRACE] [REI] [REIPlugin END] Reloading Section: "pre-stage/" done in 768.2 μs
[02:41:18] [main/DEBUG] [REI] ========================================
[02:41:18] [main/DEBUG] [REI] REIPlugin finished pre-reload for END in 1.296 ms.
[02:41:18] [main/DEBUG] [REI] ========================================
[02:41:18] [main/DEBUG] [REI] ========================================
[02:41:18] [main/DEBUG] [REI] REIServerPlugin starting pre-reload for END.
[02:41:18] [main/DEBUG] [REI] Reloadables (2):
[02:41:18] [main/DEBUG] [REI]  - MenuInfoRegistryImpl
[02:41:18] [main/DEBUG] [REI]  - SlotAccessorRegistryImpl
[02:41:18] [main/DEBUG] [REI] Plugins (3):
[02:41:18] [main/DEBUG] [REI]  - (-100.00) DefaultPlugin of DefaultPlugin [roughlyenoughitems]
[02:41:18] [main/DEBUG] [REI]  - (0.00) FabricFluidAPISupportPlugin
[02:41:18] [main/DEBUG] [REI]  - (0.00) DefaultRuntimePlugin of DefaultRuntimePlugin [roughlyenoughitems]
[02:41:18] [main/DEBUG] [REI] ========================================
[02:41:18] [main/TRACE] [REI] [REIServerPlugin END] Reloading Section: "pre-register/"
[02:41:18] [main/TRACE] [REI] [REIServerPlugin END] Reloading Section: "pre-register/DefaultPlugin of DefaultPlugin [roughlyenoughitems]/"
[02:41:18] [main/TRACE] [REI] [REIServerPlugin END] Reloading Section: "pre-register/DefaultPlugin of DefaultPlugin [roughlyenoughitems]/" done in 25.62 μs
[02:41:18] [main/TRACE] [REI] [REIServerPlugin END] Reloading Section: "pre-register/FabricFluidAPISupportPlugin/"
[02:41:18] [main/TRACE] [REI] [REIServerPlugin END] Reloading Section: "pre-register/FabricFluidAPISupportPlugin/" done in 11.12 μs
[02:41:18] [main/TRACE] [REI] [REIServerPlugin END] Reloading Section: "pre-register/DefaultRuntimePlugin of DefaultRuntimePlugin [roughlyenoughitems]/"
[02:41:18] [main/TRACE] [REI] [REIServerPlugin END] Reloading Section: "pre-register/DefaultRuntimePlugin of DefaultRuntimePlugin [roughlyenoughitems]/" done in 10.35 μs
[02:41:18] [main/TRACE] [REI] [REIServerPlugin END] Reloading Section: "pre-register/" done in 390.7 μs
[02:41:18] [main/TRACE] [REI] [REIServerPlugin END] Reloading Section: "pre-stage/"
[02:41:18] [main/TRACE] [REI] [REIServerPlugin END] Reloading Section: "pre-stage/MenuInfoRegistryImpl/"
[02:41:18] [main/TRACE] [REI] [REIServerPlugin END] Reloading Section: "pre-stage/MenuInfoRegistryImpl/" done in 8.461 μs
[02:41:18] [main/TRACE] [REI] [REIServerPlugin END] Reloading Section: "pre-stage/SlotAccessorRegistryImpl/"
[02:41:18] [main/TRACE] [REI] [REIServerPlugin END] Reloading Section: "pre-stage/SlotAccessorRegistryImpl/" done in 7.346 μs
[02:41:18] [main/TRACE] [REI] [REIServerPlugin END] Reloading Section: "pre-stage/" done in 200.5 μs
[02:41:18] [main/DEBUG] [REI] ========================================
[02:41:18] [main/DEBUG] [REI] REIServerPlugin finished pre-reload for END in 750.0 μs.
[02:41:18] [main/DEBUG] [REI] ========================================
[02:41:18] [main/INFO] [REI] ~~~~~~~~~~~~~~~~~~~~~~~~~~~~~~~~~~~~~~~~
[02:41:18] [main/INFO] [REI] REIPlugin starting main-reload for END.
[02:41:18] [main/DEBUG] [REI] Reloadables (7):
[02:41:18] [main/DEBUG] [REI]  - EntryTypeRegistryImpl
[02:41:18] [main/DEBUG] [REI]  - EntrySettingsAdapterRegistryImpl
[02:41:18] [main/DEBUG] [REI]  - RecipeManagerContextImpl
[02:41:18] [main/DEBUG] [REI]  - ItemComparatorRegistryImpl
[02:41:18] [main/DEBUG] [REI]  - FluidComparatorRegistryImpl
[02:41:18] [main/DEBUG] [REI]  - DisplaySerializerRegistryImpl
[02:41:18] [main/DEBUG] [REI]  - FluidSupportProviderImpl
[02:41:18] [main/INFO] [REI] Plugins (3):
[02:41:18] [main/INFO] [REI]  - (-100.00) DefaultPlugin of DefaultPlugin [roughlyenoughitems]
[02:41:18] [main/INFO] [REI]  - (0.00) FabricFluidAPISupportPlugin
[02:41:18] [main/INFO] [REI]  - (0.00) DefaultRuntimePlugin of DefaultRuntimePlugin [roughlyenoughitems]
[02:41:18] [main/INFO] [REI] ~~~~~~~~~~~~~~~~~~~~~~~~~~~~~~~~~~~~~~~~
[02:41:18] [main/TRACE] [REI] [REIPlugin END] Reloading Section: "start-reload/"
[02:41:18] [main/TRACE] [REI] [REIPlugin END] Reloading Section: "start-reload/EntryTypeRegistryImpl/"
[02:41:18] [main/TRACE] [REI] [REIPlugin END] Reloading Section: "start-reload/EntryTypeRegistryImpl/" done in 11.27 μs
[02:41:18] [main/TRACE] [REI] [REIPlugin END] Reloading Section: "start-reload/EntrySettingsAdapterRegistryImpl/"
[02:41:18] [main/TRACE] [REI] [REIPlugin END] Reloading Section: "start-reload/EntrySettingsAdapterRegistryImpl/" done in 42.54 μs
[02:41:18] [main/TRACE] [REI] [REIPlugin END] Reloading Section: "start-reload/RecipeManagerContextImpl/"
[02:41:18] [main/TRACE] [REI] [REIPlugin END] Reloading Section: "start-reload/RecipeManagerContextImpl/" done in 10.50 μs
[02:41:18] [main/TRACE] [REI] [REIPlugin END] Reloading Section: "start-reload/ItemComparatorRegistryImpl/"
[02:41:18] [main/TRACE] [REI] [REIPlugin END] Reloading Section: "start-reload/ItemComparatorRegistryImpl/" done in 24.31 μs
[02:41:18] [main/TRACE] [REI] [REIPlugin END] Reloading Section: "start-reload/FluidComparatorRegistryImpl/"
[02:41:18] [main/TRACE] [REI] [REIPlugin END] Reloading Section: "start-reload/FluidComparatorRegistryImpl/" done in 7.423 μs
[02:41:18] [main/TRACE] [REI] [REIPlugin END] Reloading Section: "start-reload/DisplaySerializerRegistryImpl/"
[02:41:18] [main/TRACE] [REI] [REIPlugin END] Reloading Section: "start-reload/DisplaySerializerRegistryImpl/" done in 19.69 μs
[02:41:18] [main/TRACE] [REI] [REIPlugin END] Reloading Section: "start-reload/FluidSupportProviderImpl/"
[02:41:18] [main/TRACE] [REI] [REIPlugin END] Reloading Section: "start-reload/FluidSupportProviderImpl/" done in 8.039 μs
[02:41:18] [main/TRACE] [REI] [REIPlugin END] Reloading Section: "start-reload/" done in 789.6 μs
[02:41:18] [main/DEBUG] [REI] ========================================
[02:41:18] [main/DEBUG] [REI] REIPlugin started main-reload for END.
[02:41:18] [main/DEBUG] [REI] ========================================
[02:41:18] [main/TRACE] [REI] [REIPlugin END] Reloading Section: "reloadable-plugin/EntryTypeRegistryImpl/"
[02:41:18] [main/TRACE] [REI] [REIPlugin END] Reloading Section: "reloadable-plugin/EntryTypeRegistryImpl/DefaultPlugin of DefaultPlugin [roughlyenoughitems]/"
[02:41:18] [main/TRACE] [REI] [REIPlugin END] Reloading Section: "reloadable-plugin/EntryTypeRegistryImpl/DefaultPlugin of DefaultPlugin [roughlyenoughitems]/" done in 18.77 μs
[02:41:18] [main/TRACE] [REI] [REIPlugin END] Reloading Section: "reloadable-plugin/EntryTypeRegistryImpl/FabricFluidAPISupportPlugin/"
[02:41:18] [main/TRACE] [REI] [REIPlugin END] Reloading Section: "reloadable-plugin/EntryTypeRegistryImpl/FabricFluidAPISupportPlugin/" done in 14.65 μs
[02:41:18] [main/TRACE] [REI] [REIPlugin END] Reloading Section: "reloadable-plugin/EntryTypeRegistryImpl/DefaultRuntimePlugin of DefaultRuntimePlugin [roughlyenoughitems]/"
[02:41:18] [main/TRACE] [REI] [REIPlugin END] Reloading Section: "reloadable-plugin/EntryTypeRegistryImpl/DefaultRuntimePlugin of DefaultRuntimePlugin [roughlyenoughitems]/" done in 14.46 μs
[02:41:18] [main/TRACE] [REI] [REIPlugin END] Reloading Section: "reloadable-plugin/EntryTypeRegistryImpl/" done in 357.8 μs
[02:41:18] [main/TRACE] [REI] [REIPlugin END] Reloading Section: "reloadable-plugin/EntrySettingsAdapterRegistryImpl/"
[02:41:18] [main/TRACE] [REI] [REIPlugin END] Reloading Section: "reloadable-plugin/EntrySettingsAdapterRegistryImpl/DefaultPlugin of DefaultPlugin [roughlyenoughitems]/"
[02:41:18] [main/TRACE] [REI] [REIPlugin END] Reloading Section: "reloadable-plugin/EntrySettingsAdapterRegistryImpl/DefaultPlugin of DefaultPlugin [roughlyenoughitems]/" done in 25.69 μs
[02:41:18] [main/TRACE] [REI] [REIPlugin END] Reloading Section: "reloadable-plugin/EntrySettingsAdapterRegistryImpl/FabricFluidAPISupportPlugin/"
[02:41:18] [main/TRACE] [REI] [REIPlugin END] Reloading Section: "reloadable-plugin/EntrySettingsAdapterRegistryImpl/FabricFluidAPISupportPlugin/" done in 14.15 μs
[02:41:18] [main/TRACE] [REI] [REIPlugin END] Reloading Section: "reloadable-plugin/EntrySettingsAdapterRegistryImpl/DefaultRuntimePlugin of DefaultRuntimePlugin [roughlyenoughitems]/"
[02:41:18] [main/TRACE] [REI] [REIPlugin END] Reloading Section: "reloadable-plugin/EntrySettingsAdapterRegistryImpl/DefaultRuntimePlugin of DefaultRuntimePlugin [roughlyenoughitems]/" done in 13.92 μs
[02:41:18] [main/TRACE] [REI] [REIPlugin END] Reloading Section: "reloadable-plugin/EntrySettingsAdapterRegistryImpl/" done in 405.8 μs
[02:41:18] [main/TRACE] [REI] [REIPlugin END] Reloading Section: "reloadable-plugin/RecipeManagerContextImpl/"
[02:41:18] [main/TRACE] [REI] [REIPlugin END] Reloading Section: "reloadable-plugin/RecipeManagerContextImpl/DefaultPlugin of DefaultPlugin [roughlyenoughitems]/"
[02:41:18] [main/TRACE] [REI] [REIPlugin END] Reloading Section: "reloadable-plugin/RecipeManagerContextImpl/DefaultPlugin of DefaultPlugin [roughlyenoughitems]/" done in 17.00 μs
[02:41:18] [main/TRACE] [REI] [REIPlugin END] Reloading Section: "reloadable-plugin/RecipeManagerContextImpl/FabricFluidAPISupportPlugin/"
[02:41:18] [main/TRACE] [REI] [REIPlugin END] Reloading Section: "reloadable-plugin/RecipeManagerContextImpl/FabricFluidAPISupportPlugin/" done in 18.69 μs
[02:41:18] [main/TRACE] [REI] [REIPlugin END] Reloading Section: "reloadable-plugin/RecipeManagerContextImpl/DefaultRuntimePlugin of DefaultRuntimePlugin [roughlyenoughitems]/"
[02:41:18] [main/TRACE] [REI] [REIPlugin END] Reloading Section: "reloadable-plugin/RecipeManagerContextImpl/DefaultRuntimePlugin of DefaultRuntimePlugin [roughlyenoughitems]/" done in 50.81 μs
[02:41:18] [main/TRACE] [REI] [REIPlugin END] Reloading Section: "reloadable-plugin/RecipeManagerContextImpl/" done in 430.3 μs
[02:41:18] [main/TRACE] [REI] [REIPlugin END] Reloading Section: "reloadable-plugin/ItemComparatorRegistryImpl/"
[02:41:18] [main/TRACE] [REI] [REIPlugin END] Reloading Section: "reloadable-plugin/ItemComparatorRegistryImpl/DefaultPlugin of DefaultPlugin [roughlyenoughitems]/"
[02:41:18] [main/TRACE] [REI] [REIPlugin END] Reloading Section: "reloadable-plugin/ItemComparatorRegistryImpl/DefaultPlugin of DefaultPlugin [roughlyenoughitems]/" done in 13.88 μs
[02:41:18] [main/TRACE] [REI] [REIPlugin END] Reloading Section: "reloadable-plugin/ItemComparatorRegistryImpl/FabricFluidAPISupportPlugin/"
[02:41:18] [main/TRACE] [REI] [REIPlugin END] Reloading Section: "reloadable-plugin/ItemComparatorRegistryImpl/FabricFluidAPISupportPlugin/" done in 13.73 μs
[02:41:18] [main/TRACE] [REI] [REIPlugin END] Reloading Section: "reloadable-plugin/ItemComparatorRegistryImpl/DefaultRuntimePlugin of DefaultRuntimePlugin [roughlyenoughitems]/"
[02:41:18] [main/TRACE] [REI] [REIPlugin END] Reloading Section: "reloadable-plugin/ItemComparatorRegistryImpl/DefaultRuntimePlugin of DefaultRuntimePlugin [roughlyenoughitems]/" done in 13.00 μs
[02:41:18] [main/TRACE] [REI] [REIPlugin END] Reloading Section: "reloadable-plugin/ItemComparatorRegistryImpl/" done in 313.1 μs
[02:41:18] [main/TRACE] [REI] [REIPlugin END] Reloading Section: "reloadable-plugin/FluidComparatorRegistryImpl/"
[02:41:18] [main/TRACE] [REI] [REIPlugin END] Reloading Section: "reloadable-plugin/FluidComparatorRegistryImpl/DefaultPlugin of DefaultPlugin [roughlyenoughitems]/"
[02:41:18] [main/TRACE] [REI] [REIPlugin END] Reloading Section: "reloadable-plugin/FluidComparatorRegistryImpl/DefaultPlugin of DefaultPlugin [roughlyenoughitems]/" done in 14.04 μs
[02:41:18] [main/TRACE] [REI] [REIPlugin END] Reloading Section: "reloadable-plugin/FluidComparatorRegistryImpl/FabricFluidAPISupportPlugin/"
[02:41:18] [main/TRACE] [REI] [REIPlugin END] Reloading Section: "reloadable-plugin/FluidComparatorRegistryImpl/FabricFluidAPISupportPlugin/" done in 17.42 μs
[02:41:18] [main/TRACE] [REI] [REIPlugin END] Reloading Section: "reloadable-plugin/FluidComparatorRegistryImpl/DefaultRuntimePlugin of DefaultRuntimePlugin [roughlyenoughitems]/"
[02:41:18] [main/TRACE] [REI] [REIPlugin END] Reloading Section: "reloadable-plugin/FluidComparatorRegistryImpl/DefaultRuntimePlugin of DefaultRuntimePlugin [roughlyenoughitems]/" done in 14.92 μs
[02:41:18] [main/TRACE] [REI] [REIPlugin END] Reloading Section: "reloadable-plugin/FluidComparatorRegistryImpl/" done in 351.5 μs
[02:41:18] [main/TRACE] [REI] [REIPlugin END] Reloading Section: "reloadable-plugin/DisplaySerializerRegistryImpl/"
[02:41:18] [main/TRACE] [REI] [REIPlugin END] Reloading Section: "reloadable-plugin/DisplaySerializerRegistryImpl/DefaultPlugin of DefaultPlugin [roughlyenoughitems]/"
[02:41:18] [main/TRACE] [REI] [REIPlugin END] Reloading Section: "reloadable-plugin/DisplaySerializerRegistryImpl/DefaultPlugin of DefaultPlugin [roughlyenoughitems]/" done in 59.88 ms
[02:41:18] [main/TRACE] [REI] [REIPlugin END] Reloading Section: "reloadable-plugin/DisplaySerializerRegistryImpl/FabricFluidAPISupportPlugin/"
[02:41:18] [main/TRACE] [REI] [REIPlugin END] Reloading Section: "reloadable-plugin/DisplaySerializerRegistryImpl/FabricFluidAPISupportPlugin/" done in 60.23 μs
[02:41:18] [main/TRACE] [REI] [REIPlugin END] Reloading Section: "reloadable-plugin/DisplaySerializerRegistryImpl/DefaultRuntimePlugin of DefaultRuntimePlugin [roughlyenoughitems]/"
[02:41:18] [main/TRACE] [REI] [REIPlugin END] Reloading Section: "reloadable-plugin/DisplaySerializerRegistryImpl/DefaultRuntimePlugin of DefaultRuntimePlugin [roughlyenoughitems]/" done in 19.19 μs
[02:41:18] [main/TRACE] [REI] [REIPlugin END] Reloading Section: "reloadable-plugin/DisplaySerializerRegistryImpl/" done in 60.54 ms
[02:41:18] [main/TRACE] [REI] [REIPlugin END] Reloading Section: "reloadable-plugin/FluidSupportProviderImpl/"
[02:41:18] [main/TRACE] [REI] [REIPlugin END] Reloading Section: "reloadable-plugin/FluidSupportProviderImpl/DefaultPlugin of DefaultPlugin [roughlyenoughitems]/"
[02:41:18] [main/TRACE] [REI] [REIPlugin END] Reloading Section: "reloadable-plugin/FluidSupportProviderImpl/DefaultPlugin of DefaultPlugin [roughlyenoughitems]/" done in 16.54 μs
[02:41:18] [main/TRACE] [REI] [REIPlugin END] Reloading Section: "reloadable-plugin/FluidSupportProviderImpl/FabricFluidAPISupportPlugin/"
[02:41:18] [main/TRACE] [REI] [REIPlugin END] Reloading Section: "reloadable-plugin/FluidSupportProviderImpl/FabricFluidAPISupportPlugin/" done in 15.73 μs
[02:41:18] [main/TRACE] [REI] [REIPlugin END] Reloading Section: "reloadable-plugin/FluidSupportProviderImpl/DefaultRuntimePlugin of DefaultRuntimePlugin [roughlyenoughitems]/"
[02:41:18] [main/TRACE] [REI] [REIPlugin END] Reloading Section: "reloadable-plugin/FluidSupportProviderImpl/DefaultRuntimePlugin of DefaultRuntimePlugin [roughlyenoughitems]/" done in 14.46 μs
[02:41:18] [main/TRACE] [REI] [REIPlugin END] Reloading Section: "reloadable-plugin/FluidSupportProviderImpl/" done in 350.3 μs
[02:41:18] [main/DEBUG] [REI] ========================================
[02:41:18] [main/DEBUG] [REI] REIPlugin ending main-reload for END.
[02:41:18] [main/DEBUG] [REI] ========================================
[02:41:18] [main/TRACE] [REI] [REIPlugin END] Reloading Section: "end-reload/"
[02:41:18] [main/TRACE] [REI] [REIPlugin END] Reloading Section: "end-reload/EntryTypeRegistryImpl/"
[02:41:18] [main/TRACE] [REI] [REIPlugin END] Reloading Section: "end-reload/EntryTypeRegistryImpl/" done in 8.538 μs
[02:41:18] [main/TRACE] [REI] [REIPlugin END] Reloading Section: "end-reload/EntrySettingsAdapterRegistryImpl/"
[02:41:18] [main/TRACE] [REI] [REIPlugin END] Reloading Section: "end-reload/EntrySettingsAdapterRegistryImpl/" done in 7.769 μs
[02:41:18] [main/TRACE] [REI] [REIPlugin END] Reloading Section: "end-reload/RecipeManagerContextImpl/"
[02:41:18] [main/TRACE] [REI] [REIPlugin END] Reloading Section: "end-reload/RecipeManagerContextImpl/" done in 6.846 μs
[02:41:18] [main/TRACE] [REI] [REIPlugin END] Reloading Section: "end-reload/ItemComparatorRegistryImpl/"
[02:41:18] [main/TRACE] [REI] [REIPlugin END] Reloading Section: "end-reload/ItemComparatorRegistryImpl/" done in 7.654 μs
[02:41:18] [main/TRACE] [REI] [REIPlugin END] Reloading Section: "end-reload/FluidComparatorRegistryImpl/"
[02:41:18] [main/TRACE] [REI] [REIPlugin END] Reloading Section: "end-reload/FluidComparatorRegistryImpl/" done in 6.885 μs
[02:41:18] [main/TRACE] [REI] [REIPlugin END] Reloading Section: "end-reload/DisplaySerializerRegistryImpl/"
[02:41:18] [main/TRACE] [REI] [REIPlugin END] Reloading Section: "end-reload/DisplaySerializerRegistryImpl/" done in 6.461 μs
[02:41:18] [main/TRACE] [REI] [REIPlugin END] Reloading Section: "end-reload/FluidSupportProviderImpl/"
[02:41:18] [main/TRACE] [REI] [REIPlugin END] Reloading Section: "end-reload/FluidSupportProviderImpl/" done in 7.346 μs
[02:41:18] [main/TRACE] [REI] [REIPlugin END] Reloading Section: "end-reload/" done in 612.2 μs
[02:41:18] [main/DEBUG] [REI] ========================================
[02:41:18] [main/DEBUG] [REI] REIPlugin ended main-reload for END in 66.14 ms.
[02:41:18] [main/DEBUG] [REI] ========================================
[02:41:18] [main/INFO] [REI] OOOOOOOOOOOOOOOOOOOOOOOOOOOOOOOOOOOOOOOO
[02:41:18] [main/INFO] [REI] REIServerPlugin starting main-reload for END.
[02:41:18] [main/DEBUG] [REI] Reloadables (2):
[02:41:18] [main/DEBUG] [REI]  - MenuInfoRegistryImpl
[02:41:18] [main/DEBUG] [REI]  - SlotAccessorRegistryImpl
[02:41:18] [main/INFO] [REI] Plugins (3):
[02:41:18] [main/INFO] [REI]  - (-100.00) DefaultPlugin of DefaultPlugin [roughlyenoughitems]
[02:41:18] [main/INFO] [REI]  - (0.00) FabricFluidAPISupportPlugin
[02:41:18] [main/INFO] [REI]  - (0.00) DefaultRuntimePlugin of DefaultRuntimePlugin [roughlyenoughitems]
[02:41:18] [main/INFO] [REI] OOOOOOOOOOOOOOOOOOOOOOOOOOOOOOOOOOOOOOOO
[02:41:18] [main/TRACE] [REI] [REIServerPlugin END] Reloading Section: "start-reload/"
[02:41:18] [main/TRACE] [REI] [REIServerPlugin END] Reloading Section: "start-reload/MenuInfoRegistryImpl/"
[02:41:18] [main/TRACE] [REI] [REIServerPlugin END] Reloading Section: "start-reload/MenuInfoRegistryImpl/" done in 40.69 μs
[02:41:18] [main/TRACE] [REI] [REIServerPlugin END] Reloading Section: "start-reload/SlotAccessorRegistryImpl/"
[02:41:18] [main/TRACE] [REI] [REIServerPlugin END] Reloading Section: "start-reload/SlotAccessorRegistryImpl/" done in 18.92 μs
[02:41:18] [main/TRACE] [REI] [REIServerPlugin END] Reloading Section: "start-reload/" done in 285.7 μs
[02:41:18] [main/DEBUG] [REI] ========================================
[02:41:18] [main/DEBUG] [REI] REIServerPlugin started main-reload for END.
[02:41:18] [main/DEBUG] [REI] ========================================
[02:41:18] [main/TRACE] [REI] [REIServerPlugin END] Reloading Section: "reloadable-plugin/MenuInfoRegistryImpl/"
[02:41:18] [main/TRACE] [REI] [REIServerPlugin END] Reloading Section: "reloadable-plugin/MenuInfoRegistryImpl/DefaultPlugin of DefaultPlugin [roughlyenoughitems]/"
[02:41:18] [main/TRACE] [REI] [REIServerPlugin END] Reloading Section: "reloadable-plugin/MenuInfoRegistryImpl/DefaultPlugin of DefaultPlugin [roughlyenoughitems]/" done in 30.58 μs
[02:41:18] [main/TRACE] [REI] [REIServerPlugin END] Reloading Section: "reloadable-plugin/MenuInfoRegistryImpl/FabricFluidAPISupportPlugin/"
[02:41:18] [main/TRACE] [REI] [REIServerPlugin END] Reloading Section: "reloadable-plugin/MenuInfoRegistryImpl/FabricFluidAPISupportPlugin/" done in 14.15 μs
[02:41:18] [main/TRACE] [REI] [REIServerPlugin END] Reloading Section: "reloadable-plugin/MenuInfoRegistryImpl/DefaultRuntimePlugin of DefaultRuntimePlugin [roughlyenoughitems]/"
[02:41:18] [main/TRACE] [REI] [REIServerPlugin END] Reloading Section: "reloadable-plugin/MenuInfoRegistryImpl/DefaultRuntimePlugin of DefaultRuntimePlugin [roughlyenoughitems]/" done in 12.54 μs
[02:41:18] [main/TRACE] [REI] [REIServerPlugin END] Reloading Section: "reloadable-plugin/MenuInfoRegistryImpl/" done in 370.9 μs
[02:41:18] [main/TRACE] [REI] [REIServerPlugin END] Reloading Section: "reloadable-plugin/SlotAccessorRegistryImpl/"
[02:41:18] [main/TRACE] [REI] [REIServerPlugin END] Reloading Section: "reloadable-plugin/SlotAccessorRegistryImpl/DefaultPlugin of DefaultPlugin [roughlyenoughitems]/"
[02:41:18] [main/TRACE] [REI] [REIServerPlugin END] Reloading Section: "reloadable-plugin/SlotAccessorRegistryImpl/DefaultPlugin of DefaultPlugin [roughlyenoughitems]/" done in 23.00 μs
[02:41:18] [main/TRACE] [REI] [REIServerPlugin END] Reloading Section: "reloadable-plugin/SlotAccessorRegistryImpl/FabricFluidAPISupportPlugin/"
[02:41:18] [main/TRACE] [REI] [REIServerPlugin END] Reloading Section: "reloadable-plugin/SlotAccessorRegistryImpl/FabricFluidAPISupportPlugin/" done in 11.81 μs
[02:41:18] [main/TRACE] [REI] [REIServerPlugin END] Reloading Section: "reloadable-plugin/SlotAccessorRegistryImpl/DefaultRuntimePlugin of DefaultRuntimePlugin [roughlyenoughitems]/"
[02:41:18] [main/DEBUG] [REI] Added slot accessor serializer: me.shedaniel.rei.plugin.common.runtime.DefaultRuntimePlugin$1@e081207 [roughlyenoughitems:vanilla]
[02:41:18] [main/DEBUG] [REI] Added slot accessor serializer: me.shedaniel.rei.plugin.common.runtime.DefaultRuntimePlugin$2@6c66cca6 [roughlyenoughitems:player]
[02:41:18] [main/TRACE] [REI] [REIServerPlugin END] Reloading Section: "reloadable-plugin/SlotAccessorRegistryImpl/DefaultRuntimePlugin of DefaultRuntimePlugin [roughlyenoughitems]/" done in 4.650 ms
[02:41:18] [main/TRACE] [REI] [REIServerPlugin END] Reloading Section: "reloadable-plugin/SlotAccessorRegistryImpl/" done in 5.064 ms
[02:41:18] [main/DEBUG] [REI] ========================================
[02:41:18] [main/DEBUG] [REI] REIServerPlugin ending main-reload for END.
[02:41:18] [main/DEBUG] [REI] ========================================
[02:41:18] [main/TRACE] [REI] [REIServerPlugin END] Reloading Section: "end-reload/"
[02:41:18] [main/TRACE] [REI] [REIServerPlugin END] Reloading Section: "end-reload/MenuInfoRegistryImpl/"
[02:41:18] [main/DEBUG] [REI] Registered 0 menu infos
[02:41:18] [main/TRACE] [REI] [REIServerPlugin END] Reloading Section: "end-reload/MenuInfoRegistryImpl/" done in 78.50 μs
[02:41:18] [main/TRACE] [REI] [REIServerPlugin END] Reloading Section: "end-reload/SlotAccessorRegistryImpl/"
[02:41:18] [main/DEBUG] [REI] Registered 2 slot accessor serializers
[02:41:18] [main/TRACE] [REI] [REIServerPlugin END] Reloading Section: "end-reload/SlotAccessorRegistryImpl/" done in 51.42 μs
[02:41:18] [main/TRACE] [REI] [REIServerPlugin END] Reloading Section: "end-reload/" done in 315.5 μs
[02:41:18] [main/DEBUG] [REI] ========================================
[02:41:18] [main/DEBUG] [REI] REIServerPlugin ended main-reload for END in 8.104 ms.
[02:41:18] [main/DEBUG] [REI] ========================================
[02:41:18] [main/DEBUG] [REI] ========================================
[02:41:18] [main/DEBUG] [REI] REIPlugin starting post-reload for END.
[02:41:18] [main/DEBUG] [REI] Reloadables (7):
[02:41:18] [main/DEBUG] [REI]  - EntryTypeRegistryImpl
[02:41:18] [main/DEBUG] [REI]  - EntrySettingsAdapterRegistryImpl
[02:41:18] [main/DEBUG] [REI]  - RecipeManagerContextImpl
[02:41:18] [main/DEBUG] [REI]  - ItemComparatorRegistryImpl
[02:41:18] [main/DEBUG] [REI]  - FluidComparatorRegistryImpl
[02:41:18] [main/DEBUG] [REI]  - DisplaySerializerRegistryImpl
[02:41:18] [main/DEBUG] [REI]  - FluidSupportProviderImpl
[02:41:18] [main/DEBUG] [REI] Plugins (3):
[02:41:18] [main/DEBUG] [REI]  - (-100.00) DefaultPlugin of DefaultPlugin [roughlyenoughitems]
[02:41:18] [main/DEBUG] [REI]  - (0.00) FabricFluidAPISupportPlugin
[02:41:18] [main/DEBUG] [REI]  - (0.00) DefaultRuntimePlugin of DefaultRuntimePlugin [roughlyenoughitems]
[02:41:18] [main/DEBUG] [REI] ========================================
[02:41:18] [main/TRACE] [REI] [REIPlugin END] Reloading Section: "post-register/"
[02:41:18] [main/TRACE] [REI] [REIPlugin END] Reloading Section: "post-register/DefaultPlugin of DefaultPlugin [roughlyenoughitems]/"
[02:41:18] [main/TRACE] [REI] [REIPlugin END] Reloading Section: "post-register/DefaultPlugin of DefaultPlugin [roughlyenoughitems]/" done in 17.81 μs
[02:41:18] [main/TRACE] [REI] [REIPlugin END] Reloading Section: "post-register/FabricFluidAPISupportPlugin/"
[02:41:18] [main/TRACE] [REI] [REIPlugin END] Reloading Section: "post-register/FabricFluidAPISupportPlugin/" done in 11.15 μs
[02:41:18] [main/TRACE] [REI] [REIPlugin END] Reloading Section: "post-register/DefaultRuntimePlugin of DefaultRuntimePlugin [roughlyenoughitems]/"
[02:41:18] [main/TRACE] [REI] [REIPlugin END] Reloading Section: "post-register/DefaultRuntimePlugin of DefaultRuntimePlugin [roughlyenoughitems]/" done in 11.15 μs
[02:41:18] [main/TRACE] [REI] [REIPlugin END] Reloading Section: "post-register/" done in 312.2 μs
[02:41:18] [main/TRACE] [REI] [REIPlugin END] Reloading Section: "post-stage/"
[02:41:18] [main/TRACE] [REI] [REIPlugin END] Reloading Section: "post-stage/EntryTypeRegistryImpl/"
[02:41:18] [main/TRACE] [REI] [REIPlugin END] Reloading Section: "post-stage/EntryTypeRegistryImpl/" done in 7.769 μs
[02:41:18] [main/TRACE] [REI] [REIPlugin END] Reloading Section: "post-stage/EntrySettingsAdapterRegistryImpl/"
[02:41:18] [main/TRACE] [REI] [REIPlugin END] Reloading Section: "post-stage/EntrySettingsAdapterRegistryImpl/" done in 10.89 μs
[02:41:18] [main/TRACE] [REI] [REIPlugin END] Reloading Section: "post-stage/RecipeManagerContextImpl/"
[02:41:18] [main/TRACE] [REI] [REIPlugin END] Reloading Section: "post-stage/RecipeManagerContextImpl/" done in 7.500 μs
[02:41:18] [main/TRACE] [REI] [REIPlugin END] Reloading Section: "post-stage/ItemComparatorRegistryImpl/"
[02:41:18] [main/TRACE] [REI] [REIPlugin END] Reloading Section: "post-stage/ItemComparatorRegistryImpl/" done in 7.423 μs
[02:41:18] [main/TRACE] [REI] [REIPlugin END] Reloading Section: "post-stage/FluidComparatorRegistryImpl/"
[02:41:18] [main/TRACE] [REI] [REIPlugin END] Reloading Section: "post-stage/FluidComparatorRegistryImpl/" done in 7.424 μs
[02:41:18] [main/TRACE] [REI] [REIPlugin END] Reloading Section: "post-stage/DisplaySerializerRegistryImpl/"
[02:41:18] [main/TRACE] [REI] [REIPlugin END] Reloading Section: "post-stage/DisplaySerializerRegistryImpl/" done in 6.923 μs
[02:41:18] [main/TRACE] [REI] [REIPlugin END] Reloading Section: "post-stage/FluidSupportProviderImpl/"
[02:41:18] [main/TRACE] [REI] [REIPlugin END] Reloading Section: "post-stage/FluidSupportProviderImpl/" done in 6.885 μs
[02:41:18] [main/TRACE] [REI] [REIPlugin END] Reloading Section: "post-stage/" done in 590.2 μs
[02:41:18] [main/DEBUG] [REI] ========================================
[02:41:18] [main/INFO] [REI] REIPlugin finished post-reload for END in 1.090 ms, totaling 68.50 ms.
[02:41:18] [main/DEBUG] [REI] ========================================
[02:41:18] [main/DEBUG] [REI] ========================================
[02:41:18] [main/DEBUG] [REI] REIServerPlugin starting post-reload for END.
[02:41:18] [main/DEBUG] [REI] Reloadables (2):
[02:41:18] [main/DEBUG] [REI]  - MenuInfoRegistryImpl
[02:41:18] [main/DEBUG] [REI]  - SlotAccessorRegistryImpl
[02:41:18] [main/DEBUG] [REI] Plugins (3):
[02:41:18] [main/DEBUG] [REI]  - (-100.00) DefaultPlugin of DefaultPlugin [roughlyenoughitems]
[02:41:18] [main/DEBUG] [REI]  - (0.00) FabricFluidAPISupportPlugin
[02:41:18] [main/DEBUG] [REI]  - (0.00) DefaultRuntimePlugin of DefaultRuntimePlugin [roughlyenoughitems]
[02:41:18] [main/DEBUG] [REI] ========================================
[02:41:18] [main/TRACE] [REI] [REIServerPlugin END] Reloading Section: "post-register/"
[02:41:18] [main/TRACE] [REI] [REIServerPlugin END] Reloading Section: "post-register/DefaultPlugin of DefaultPlugin [roughlyenoughitems]/"
[02:41:18] [main/TRACE] [REI] [REIServerPlugin END] Reloading Section: "post-register/DefaultPlugin of DefaultPlugin [roughlyenoughitems]/" done in 13.42 μs
[02:41:18] [main/TRACE] [REI] [REIServerPlugin END] Reloading Section: "post-register/FabricFluidAPISupportPlugin/"
[02:41:18] [main/TRACE] [REI] [REIServerPlugin END] Reloading Section: "post-register/FabricFluidAPISupportPlugin/" done in 10.19 μs
[02:41:18] [main/TRACE] [REI] [REIServerPlugin END] Reloading Section: "post-register/DefaultRuntimePlugin of DefaultRuntimePlugin [roughlyenoughitems]/"
[02:41:18] [main/TRACE] [REI] [REIServerPlugin END] Reloading Section: "post-register/DefaultRuntimePlugin of DefaultRuntimePlugin [roughlyenoughitems]/" done in 10.39 μs
[02:41:18] [main/TRACE] [REI] [REIServerPlugin END] Reloading Section: "post-register/" done in 296.8 μs
[02:41:18] [main/TRACE] [REI] [REIServerPlugin END] Reloading Section: "post-stage/"
[02:41:18] [main/TRACE] [REI] [REIServerPlugin END] Reloading Section: "post-stage/MenuInfoRegistryImpl/"
[02:41:18] [main/TRACE] [REI] [REIServerPlugin END] Reloading Section: "post-stage/MenuInfoRegistryImpl/" done in 8.192 μs
[02:41:18] [main/TRACE] [REI] [REIServerPlugin END] Reloading Section: "post-stage/SlotAccessorRegistryImpl/"
[02:41:18] [main/TRACE] [REI] [REIServerPlugin END] Reloading Section: "post-stage/SlotAccessorRegistryImpl/" done in 7.653 μs
[02:41:18] [main/TRACE] [REI] [REIServerPlugin END] Reloading Section: "post-stage/" done in 171.5 μs
[02:41:18] [main/DEBUG] [REI] ========================================
[02:41:18] [main/INFO] [REI] REIServerPlugin finished post-reload for END in 617.6 μs, totaling 9.458 ms.
[02:41:18] [main/DEBUG] [REI] ========================================
